Using pre-set license
Built from '2020.3/staging' branch; Version is '2020.3.28f1 (f5400f52e03f) revision 16072719'; Using compiler version '192528614'; Build Type 'Release'
OS: 'Windows 10  (10.0.19044) 64bit Professional' Language: 'nl' Physical Memory: 32702 MB
BatchMode: 1, IsHumanControllingUs: 0, StartBugReporterOnCrash: 0, Is64bit: 1, IsPro: 0

COMMAND LINE ARGUMENTS:
C:\Program Files\Unity\Hub\Editor\2020.3.28f1\Editor\Unity.exe
-adb2
-batchMode
-noUpm
-name
AssetImportWorker0
-projectPath
D:/Users/dylan/TheWallGame/The Wall New
-logFile
Logs/AssetImportWorker0.log
-srvPort
62577
Successfully changed project path to: D:/Users/dylan/TheWallGame/The Wall New
D:/Users/dylan/TheWallGame/The Wall New
Using Asset Import Pipeline V2.
Refreshing native plugins compatible for Editor in 53.11 ms, found 2 plugins.
Preloading 0 native plugins for Editor in 0.00 ms.
Initialize engine version: 2020.3.28f1 (f5400f52e03f)
[Subsystems] Discovering subsystems at path C:/Program Files/Unity/Hub/Editor/2020.3.28f1/Editor/Data/Resources/UnitySubsystems
[Subsystems] Discovering subsystems at path D:/Users/dylan/TheWallGame/The Wall New/Assets
GfxDevice: creating device client; threaded=0
Direct3D:
    Version:  Direct3D 11.0 [level 11.1]
    Renderer: NVIDIA GeForce GTX 1660 Ti (ID=0x2182)
    Vendor:   
    VRAM:     5991 MB
    Driver:   30.0.15.1215
Initialize mono
Mono path[0] = 'C:/Program Files/Unity/Hub/Editor/2020.3.28f1/Editor/Data/Managed'
Mono path[1] = 'C:/Program Files/Unity/Hub/Editor/2020.3.28f1/Editor/Data/MonoBleedingEdge/lib/mono/unityjit'
Mono config path = 'C:/Program Files/Unity/Hub/Editor/2020.3.28f1/Editor/Data/MonoBleedingEdge/etc'
Using monoOptions --debugger-agent=transport=dt_socket,embedding=1,server=y,suspend=n,address=127.0.0.1:56368
Begin MonoManager ReloadAssembly
Registering precompiled unity dll's ...
Register platform support module: C:/Program Files/Unity/Hub/Editor/2020.3.28f1/Editor/Data/PlaybackEngines/WebGLSupport/UnityEditor.WebGL.Extensions.dll
Register platform support module: C:/Program Files/Unity/Hub/Editor/2020.3.28f1/Editor/Data/PlaybackEngines/MacStandaloneSupport/UnityEditor.OSXStandalone.Extensions.dll
Register platform support module: C:/Program Files/Unity/Hub/Editor/2020.3.28f1/Editor/Data/PlaybackEngines/WindowsStandaloneSupport/UnityEditor.WindowsStandalone.Extensions.dll
Register platform support module: C:/Program Files/Unity/Hub/Editor/2020.3.28f1/Editor/Data/PlaybackEngines/LinuxStandaloneSupport/UnityEditor.LinuxStandalone.Extensions.dll
Registered in 0.003488 seconds.
Native extension for LinuxStandalone target not found
Native extension for WindowsStandalone target not found
Native extension for OSXStandalone target not found
Native extension for WebGL target not found
Refreshing native plugins compatible for Editor in 54.25 ms, found 2 plugins.
Preloading 0 native plugins for Editor in 0.00 ms.
Mono: successfully reloaded assembly
- Completed reload, in  0.624 seconds
Domain Reload Profiling:
	ReloadAssembly (624ms)
		BeginReloadAssembly (65ms)
			ExecutionOrderSort (0ms)
			DisableScriptedObjects (0ms)
			BackupInstance (0ms)
			ReleaseScriptingObjects (0ms)
			CreateAndSetChildDomain (1ms)
		EndReloadAssembly (487ms)
			LoadAssemblies (64ms)
			RebuildTransferFunctionScriptingTraits (0ms)
			SetupTypeCache (153ms)
			ReleaseScriptCaches (0ms)
			RebuildScriptCaches (30ms)
			SetupLoadedEditorAssemblies (188ms)
				LogAssemblyErrors (0ms)
				InitializePlatformSupportModulesInManaged (7ms)
				SetLoadedEditorAssemblies (0ms)
				RefreshPlugins (54ms)
				BeforeProcessingInitializeOnLoad (11ms)
				ProcessInitializeOnLoadAttributes (84ms)
				ProcessInitializeOnLoadMethodAttributes (31ms)
				AfterProcessingInitializeOnLoad (0ms)
				EditorAssembliesLoaded (0ms)
			ExecutionOrderSort2 (0ms)
			AwakeInstancesAfterBackupRestoration (0ms)
Platform modules already initialized, skipping
Registering precompiled user dll's ...
Registered in 0.003600 seconds.
Begin MonoManager ReloadAssembly
Native extension for LinuxStandalone target not found
Native extension for WindowsStandalone target not found
Native extension for OSXStandalone target not found
Native extension for WebGL target not found
Refreshing native plugins compatible for Editor in 52.36 ms, found 2 plugins.
Preloading 0 native plugins for Editor in 0.00 ms.
Mono: successfully reloaded assembly
- Completed reload, in  1.130 seconds
Domain Reload Profiling:
	ReloadAssembly (1131ms)
		BeginReloadAssembly (147ms)
			ExecutionOrderSort (0ms)
			DisableScriptedObjects (5ms)
			BackupInstance (0ms)
			ReleaseScriptingObjects (0ms)
			CreateAndSetChildDomain (18ms)
		EndReloadAssembly (925ms)
			LoadAssemblies (96ms)
			RebuildTransferFunctionScriptingTraits (0ms)
			SetupTypeCache (324ms)
			ReleaseScriptCaches (1ms)
			RebuildScriptCaches (48ms)
			SetupLoadedEditorAssemblies (339ms)
				LogAssemblyErrors (0ms)
				InitializePlatformSupportModulesInManaged (6ms)
				SetLoadedEditorAssemblies (0ms)
				RefreshPlugins (53ms)
				BeforeProcessingInitializeOnLoad (81ms)
				ProcessInitializeOnLoadAttributes (184ms)
				ProcessInitializeOnLoadMethodAttributes (8ms)
				AfterProcessingInitializeOnLoad (7ms)
				EditorAssembliesLoaded (0ms)
			ExecutionOrderSort2 (0ms)
			AwakeInstancesAfterBackupRestoration (6ms)
Platform modules already initialized, skipping
========================================================================
Worker process is ready to serve import requests
Launched and connected shader compiler UnityShaderCompiler.exe after 0.04 seconds
Refreshing native plugins compatible for Editor in 0.54 ms, found 2 plugins.
Preloading 0 native plugins for Editor in 0.00 ms.
Unloading 2902 Unused Serialized files (Serialized files now loaded: 0)
System memory in use before: 131.5 MB.
System memory in use after: 131.7 MB.

Unloading 20 unused Assets to reduce memory usage. Loaded Objects now: 3335.
Total: 3.149400 ms (FindLiveObjects: 0.220800 ms CreateObjectMapping: 0.138500 ms MarkObjects: 2.712200 ms  DeleteObjects: 0.076800 ms)

AssetImportParameters requested are different than current active one (requested -> active):
  custom:framework-win-MediaFoundation: 216162199b28c13a410421893ffa2e32 -> 
  custom:video-decoder-ogg-theora: a1e56fd34408186e4bbccfd4996cb3dc -> 
  custom:container-muxer-webm: aa71ff27fc2769a1b78a27578f13a17b -> 
  custom:container-demuxer-webm: 4f35f7cbe854078d1ac9338744f61a02 -> 
  custom:container-demuxer-ogg: 62fdf1f143b41e24485cea50d1cbac27 -> 
  custom:video-encoder-webm-vp8: eb34c28f22e8b96e1ab97ce403110664 -> 
  custom:video-decoder-webm-vp8: 9c59270c3fd7afecdb556c50c9e8de78 -> 
  custom:audio-decoder-ogg-vorbis: bf7c407c2cedff20999df2af8eb42d56 -> 
  custom:audio-encoder-webm-vorbis: bf7c407c2cedff20999df2af8eb42d56 -> 
========================================================================
Received Import Request.
  path: Assets/Obj-Imports/Stains/stain-7.obj
  artifactKey: Guid(0b41e0e928fe4be46b26b46ee3985579) Importer(815301076,1909f56bfc062723c751e8b465ee728b)
Start importing Assets/Obj-Imports/Stains/stain-7.obj using Guid(0b41e0e928fe4be46b26b46ee3985579) Importer(815301076,1909f56bfc062723c751e8b465ee728b)  -> (artifact id: 'edd656be0a470286336a14fcf48c0161') in 0.397104 seconds 
  Import took 0.413527 seconds .

========================================================================
Received Import Request.
  Time since last request: 0.000267 seconds.
  path: Assets/Obj-Imports/Stains/stain-16.obj
  artifactKey: Guid(d4dbb5e392e2162488935c13fcc99edc) Importer(815301076,1909f56bfc062723c751e8b465ee728b)
Start importing Assets/Obj-Imports/Stains/stain-16.obj using Guid(d4dbb5e392e2162488935c13fcc99edc) Importer(815301076,1909f56bfc062723c751e8b465ee728b)  -> (artifact id: '43b9dc2fab88d55df1a4fa276956724d') in 0.051160 seconds 
  Import took 0.055526 seconds .

========================================================================
Received Import Request.
  Time since last request: 0.000272 seconds.
  path: Assets/Obj-Imports/Stains/stain-11.obj
  artifactKey: Guid(e846f9d46b791a84c8773e58eb9e748d) Importer(815301076,1909f56bfc062723c751e8b465ee728b)
Start importing Assets/Obj-Imports/Stains/stain-11.obj using Guid(e846f9d46b791a84c8773e58eb9e748d) Importer(815301076,1909f56bfc062723c751e8b465ee728b)  -> (artifact id: 'f57e425ac9a5f8d93a5bacd81e73e5e1') in 0.051921 seconds 
  Import took 0.079222 seconds .

========================================================================
Received Import Request.
  Time since last request: 0.000244 seconds.
  path: Assets/Obj-Imports/Stains/stain-13.obj
  artifactKey: Guid(60938ebaaf7844e4380ae6e79b97b18f) Importer(815301076,1909f56bfc062723c751e8b465ee728b)
Start importing Assets/Obj-Imports/Stains/stain-13.obj using Guid(60938ebaaf7844e4380ae6e79b97b18f) Importer(815301076,1909f56bfc062723c751e8b465ee728b)  -> (artifact id: '7e586d81f346e547b9e3cd8499630495') in 0.026124 seconds 
  Import took 0.058995 seconds .

========================================================================
Received Import Request.
  Time since last request: 0.000251 seconds.
  path: Assets/Obj-Imports/Stains/stain-8.obj
  artifactKey: Guid(c748a4ff76d0b54498630953e789665f) Importer(815301076,1909f56bfc062723c751e8b465ee728b)
Start importing Assets/Obj-Imports/Stains/stain-8.obj using Guid(c748a4ff76d0b54498630953e789665f) Importer(815301076,1909f56bfc062723c751e8b465ee728b)  -> (artifact id: 'ddfda50892e2b29c43c00f22b641deb2') in 0.026770 seconds 
  Import took 0.058555 seconds .

========================================================================
Received Import Request.
  Time since last request: 0.000238 seconds.
  path: Assets/Obj-Imports/Stains/stain-9.obj
  artifactKey: Guid(84d510cc588e8d843b8fe2ee1698155e) Importer(815301076,1909f56bfc062723c751e8b465ee728b)
Start importing Assets/Obj-Imports/Stains/stain-9.obj using Guid(84d510cc588e8d843b8fe2ee1698155e) Importer(815301076,1909f56bfc062723c751e8b465ee728b)  -> (artifact id: 'ad4e06003dda11cbce8b664843343f66') in 0.024581 seconds 
  Import took 0.028773 seconds .

========================================================================
Received Import Request.
  Time since last request: 0.000265 seconds.
  path: Assets/Obj-Imports/Stains/stain-12.obj
  artifactKey: Guid(0c6d8a1e57e02c249a136928e5ae4f82) Importer(815301076,1909f56bfc062723c751e8b465ee728b)
Start importing Assets/Obj-Imports/Stains/stain-12.obj using Guid(0c6d8a1e57e02c249a136928e5ae4f82) Importer(815301076,1909f56bfc062723c751e8b465ee728b)  -> (artifact id: '2d042814148c7930484ea30addfaa2d6') in 0.026090 seconds 
  Import took 0.045033 seconds .

========================================================================
Received Import Request.
  Time since last request: 0.000242 seconds.
  path: Assets/Obj-Imports/Stains/stain-3.obj
  artifactKey: Guid(0403ec360dc85a7499316fd688da16b0) Importer(815301076,1909f56bfc062723c751e8b465ee728b)
Start importing Assets/Obj-Imports/Stains/stain-3.obj using Guid(0403ec360dc85a7499316fd688da16b0) Importer(815301076,1909f56bfc062723c751e8b465ee728b)  -> (artifact id: '94768a72dfc1a84817176e93e5f7b9d4') in 0.025158 seconds 
  Import took 0.029730 seconds .

========================================================================
Received Import Request.
  Time since last request: 0.000221 seconds.
  path: Assets/Obj-Imports/Stains/stain-1.obj
  artifactKey: Guid(2aed0acbcd4fa9241b008856af80c3de) Importer(815301076,1909f56bfc062723c751e8b465ee728b)
Start importing Assets/Obj-Imports/Stains/stain-1.obj using Guid(2aed0acbcd4fa9241b008856af80c3de) Importer(815301076,1909f56bfc062723c751e8b465ee728b)  -> (artifact id: '5d3aa172a1b30659df97bb44ae9d3d2c') in 0.025178 seconds 
  Import took 0.040280 seconds .

========================================================================
Received Import Request.
  Time since last request: 0.000246 seconds.
  path: Assets/Obj-Imports/Stains/stain-2.obj
  artifactKey: Guid(e375f2c92caf5b24aa9f5337d366ec2e) Importer(815301076,1909f56bfc062723c751e8b465ee728b)
Start importing Assets/Obj-Imports/Stains/stain-2.obj using Guid(e375f2c92caf5b24aa9f5337d366ec2e) Importer(815301076,1909f56bfc062723c751e8b465ee728b)  -> (artifact id: '1ee8bd59e4cb2da839f7bb3d9a425227') in 0.024360 seconds 
  Import took 0.046288 seconds .

========================================================================
Received Import Request.
  Time since last request: 0.000212 seconds.
  path: Assets/Obj-Imports/Stains/stain-14.obj
  artifactKey: Guid(ce0f6c0368f5b5f41ab0740b7df6237e) Importer(815301076,1909f56bfc062723c751e8b465ee728b)
Start importing Assets/Obj-Imports/Stains/stain-14.obj using Guid(ce0f6c0368f5b5f41ab0740b7df6237e) Importer(815301076,1909f56bfc062723c751e8b465ee728b)  -> (artifact id: 'fca2fa30818391c5f3ba8835c4a638e7') in 0.025596 seconds 
  Import took 0.057526 seconds .

========================================================================
Received Import Request.
  Time since last request: 0.000223 seconds.
  path: Assets/Obj-Imports/Stains/stain-6.obj
  artifactKey: Guid(d9ff9b02f8685f441b9eb40cee4c2e38) Importer(815301076,1909f56bfc062723c751e8b465ee728b)
Start importing Assets/Obj-Imports/Stains/stain-6.obj using Guid(d9ff9b02f8685f441b9eb40cee4c2e38) Importer(815301076,1909f56bfc062723c751e8b465ee728b)  -> (artifact id: '2604cf707543a689a793dde33c728328') in 0.025072 seconds 
  Import took 0.029862 seconds .

========================================================================
Received Import Request.
  Time since last request: 0.000292 seconds.
  path: Assets/Obj-Imports/Stains/stain-15.obj
  artifactKey: Guid(fd442079570a2f14ba5593e3fd33abc6) Importer(815301076,1909f56bfc062723c751e8b465ee728b)
Start importing Assets/Obj-Imports/Stains/stain-15.obj using Guid(fd442079570a2f14ba5593e3fd33abc6) Importer(815301076,1909f56bfc062723c751e8b465ee728b)  -> (artifact id: '2d4ea49f238ad5aa59430e357992192a') in 0.025736 seconds 
  Import took 0.029937 seconds .

========================================================================
Received Import Request.
  Time since last request: 0.000262 seconds.
  path: Assets/Obj-Imports/Stains/stain-4.obj
  artifactKey: Guid(786ee2b69a211394f85fbe18713dcc0f) Importer(815301076,1909f56bfc062723c751e8b465ee728b)
Start importing Assets/Obj-Imports/Stains/stain-4.obj using Guid(786ee2b69a211394f85fbe18713dcc0f) Importer(815301076,1909f56bfc062723c751e8b465ee728b)  -> (artifact id: '8a683b1dea2212d4d6bbd494c888109d') in 0.025899 seconds 
  Import took 0.030136 seconds .

========================================================================
Received Import Request.
  Time since last request: 0.000228 seconds.
  path: Assets/Obj-Imports/Stains/stain-5.obj
  artifactKey: Guid(32abd60e074637c4dbcc3fdffb7db3ce) Importer(815301076,1909f56bfc062723c751e8b465ee728b)
Start importing Assets/Obj-Imports/Stains/stain-5.obj using Guid(32abd60e074637c4dbcc3fdffb7db3ce) Importer(815301076,1909f56bfc062723c751e8b465ee728b)  -> (artifact id: 'c3b1cbc13cc16eea7cf6679a7eb738de') in 0.024952 seconds 
  Import took 0.030534 seconds .

========================================================================
Received Import Request.
  Time since last request: 0.000244 seconds.
  path: Assets/Obj-Imports/Stains/stain-10.obj
  artifactKey: Guid(0746902fa6c6ce249b8526b361bf0b2b) Importer(815301076,1909f56bfc062723c751e8b465ee728b)
Start importing Assets/Obj-Imports/Stains/stain-10.obj using Guid(0746902fa6c6ce249b8526b361bf0b2b) Importer(815301076,1909f56bfc062723c751e8b465ee728b)  -> (artifact id: 'c7a09c6b32d981d720669a6fad3364d7') in 0.029505 seconds 
  Import took 0.058733 seconds .

========================================================================
Received Import Request.
  Time since last request: 6.335016 seconds.
  path: Assets/Obj-Imports/Walls
  artifactKey: Guid(ccda69b8ad6ab834ab9926484fad7672) Importer(815301076,1909f56bfc062723c751e8b465ee728b)
Start importing Assets/Obj-Imports/Walls using Guid(ccda69b8ad6ab834ab9926484fad7672) Importer(815301076,1909f56bfc062723c751e8b465ee728b)  -> (artifact id: 'f2ce44cb8b3ad4241981a0e68ffe6564') in 0.023130 seconds 
  Import took 0.042601 seconds .

========================================================================
Received Import Request.
  Time since last request: 8.685018 seconds.
  path: Assets/Prefabs/RoomPrefab.prefab
  artifactKey: Guid(b55d792939bf493458d939898b5546c7) Importer(815301076,1909f56bfc062723c751e8b465ee728b)
Start importing Assets/Prefabs/RoomPrefab.prefab using Guid(b55d792939bf493458d939898b5546c7) Importer(815301076,1909f56bfc062723c751e8b465ee728b)  -> (artifact id: 'e230e64df908f6238a47c5001ac9ed71') in 0.051014 seconds 
  Import took 0.058125 seconds .

========================================================================
Received Import Request.
  Time since last request: 7.153488 seconds.
  path: Assets/Prefabs/RoomPrefab.prefab
  artifactKey: Guid(b55d792939bf493458d939898b5546c7) Importer(815301076,1909f56bfc062723c751e8b465ee728b)
Start importing Assets/Prefabs/RoomPrefab.prefab using Guid(b55d792939bf493458d939898b5546c7) Importer(815301076,1909f56bfc062723c751e8b465ee728b)  -> (artifact id: '57cd60776536db9f949cace19d6a0246') in 0.046711 seconds 
  Import took 0.063364 seconds .

========================================================================
Received Prepare
Registering precompiled user dll's ...
Registered in 0.003330 seconds.
Begin MonoManager ReloadAssembly
Native extension for LinuxStandalone target not found
Native extension for WindowsStandalone target not found
Native extension for OSXStandalone target not found
Native extension for WebGL target not found
Refreshing native plugins compatible for Editor in 0.64 ms, found 2 plugins.
Preloading 0 native plugins for Editor in 0.00 ms.
Mono: successfully reloaded assembly
- Completed reload, in  1.320 seconds
Domain Reload Profiling:
	ReloadAssembly (1320ms)
		BeginReloadAssembly (160ms)
			ExecutionOrderSort (0ms)
			DisableScriptedObjects (8ms)
			BackupInstance (0ms)
			ReleaseScriptingObjects (0ms)
			CreateAndSetChildDomain (45ms)
		EndReloadAssembly (1086ms)
			LoadAssemblies (120ms)
			RebuildTransferFunctionScriptingTraits (0ms)
			SetupTypeCache (394ms)
			ReleaseScriptCaches (2ms)
			RebuildScriptCaches (52ms)
			SetupLoadedEditorAssemblies (366ms)
				LogAssemblyErrors (0ms)
				InitializePlatformSupportModulesInManaged (8ms)
				SetLoadedEditorAssemblies (1ms)
				RefreshPlugins (1ms)
				BeforeProcessingInitializeOnLoad (119ms)
				ProcessInitializeOnLoadAttributes (218ms)
				ProcessInitializeOnLoadMethodAttributes (11ms)
				AfterProcessingInitializeOnLoad (9ms)
				EditorAssembliesLoaded (0ms)
			ExecutionOrderSort2 (0ms)
			AwakeInstancesAfterBackupRestoration (19ms)
Platform modules already initialized, skipping
Refreshing native plugins compatible for Editor in 0.74 ms, found 2 plugins.
Preloading 0 native plugins for Editor in 0.00 ms.
Unloading 2779 Unused Serialized files (Serialized files now loaded: 0)
System memory in use before: 128.7 MB.
System memory in use after: 129.0 MB.

Unloading 15 unused Assets to reduce memory usage. Loaded Objects now: 3419.
Total: 3.917100 ms (FindLiveObjects: 0.360900 ms CreateObjectMapping: 0.273700 ms MarkObjects: 3.260400 ms  DeleteObjects: 0.021500 ms)

AssetImportParameters requested are different than current active one (requested -> active):
  custom:framework-win-MediaFoundation: 216162199b28c13a410421893ffa2e32 -> 
  custom:video-decoder-ogg-theora: a1e56fd34408186e4bbccfd4996cb3dc -> 
  custom:container-muxer-webm: aa71ff27fc2769a1b78a27578f13a17b -> 
  custom:container-demuxer-webm: 4f35f7cbe854078d1ac9338744f61a02 -> 
  custom:container-demuxer-ogg: 62fdf1f143b41e24485cea50d1cbac27 -> 
  custom:video-encoder-webm-vp8: eb34c28f22e8b96e1ab97ce403110664 -> 
  custom:video-decoder-webm-vp8: 9c59270c3fd7afecdb556c50c9e8de78 -> 
  custom:audio-decoder-ogg-vorbis: bf7c407c2cedff20999df2af8eb42d56 -> 
  custom:audio-encoder-webm-vorbis: bf7c407c2cedff20999df2af8eb42d56 -> 
========================================================================
Received Import Request.
  Time since last request: 36.464342 seconds.
  path: Assets/Prefabs/Stains/stain-16.prefab
  artifactKey: Guid(b78cbfbf2bbefa04b9241351c6fef91c) Importer(815301076,1909f56bfc062723c751e8b465ee728b)
Start importing Assets/Prefabs/Stains/stain-16.prefab using Guid(b78cbfbf2bbefa04b9241351c6fef91c) Importer(815301076,1909f56bfc062723c751e8b465ee728b)  -> (artifact id: '4e045e78534529ec6851c8f6087b2ca0') in 0.215337 seconds 
  Import took 0.234303 seconds .

========================================================================
Received Import Request.
  Time since last request: 14.568308 seconds.
  path: Assets/Prefabs/Stains/stain-3.prefab
  artifactKey: Guid(8f472e3c243fcb24693559a6a32a49b8) Importer(815301076,1909f56bfc062723c751e8b465ee728b)
Start importing Assets/Prefabs/Stains/stain-3.prefab using Guid(8f472e3c243fcb24693559a6a32a49b8) Importer(815301076,1909f56bfc062723c751e8b465ee728b)  -> (artifact id: '95cacbfeeb28d6bc87bffca054fc04f9') in 0.027195 seconds 
  Import took 0.049553 seconds .

========================================================================
Received Import Request.
  Time since last request: 18.110864 seconds.
  path: Assets/Prefabs/Stains/stain-14.prefab
  artifactKey: Guid(26df2a08ac8360a418c33eb3be1a45c8) Importer(815301076,1909f56bfc062723c751e8b465ee728b)
Start importing Assets/Prefabs/Stains/stain-14.prefab using Guid(26df2a08ac8360a418c33eb3be1a45c8) Importer(815301076,1909f56bfc062723c751e8b465ee728b)  -> (artifact id: 'febe1e669e6be70b8d1978c09ac89887') in 0.011870 seconds 
  Import took 0.016577 seconds .

========================================================================
Received Import Request.
  Time since last request: 9.921984 seconds.
  path: Assets/Prefabs/Stains/stain-9.prefab
  artifactKey: Guid(d11e75e58b0fbfc4698a722f176a65ca) Importer(815301076,1909f56bfc062723c751e8b465ee728b)
Start importing Assets/Prefabs/Stains/stain-9.prefab using Guid(d11e75e58b0fbfc4698a722f176a65ca) Importer(815301076,1909f56bfc062723c751e8b465ee728b)  -> (artifact id: 'a39397cb9dde4b925e5774414311e07c') in 0.013684 seconds 
  Import took 0.021961 seconds .

========================================================================
Received Import Request.
  Time since last request: 13.329433 seconds.
  path: Assets/Prefabs/Stains/stain-7.prefab
  artifactKey: Guid(611a1e06618c431469f7d4a3445befe2) Importer(815301076,1909f56bfc062723c751e8b465ee728b)
Start importing Assets/Prefabs/Stains/stain-7.prefab using Guid(611a1e06618c431469f7d4a3445befe2) Importer(815301076,1909f56bfc062723c751e8b465ee728b)  -> (artifact id: '96573e96e57ced1844602e4f052ad062') in 0.012880 seconds 
  Import took 0.018132 seconds .

========================================================================
Received Import Request.
  Time since last request: 17.583231 seconds.
  path: Assets/Prefabs/Stains/stain-13.prefab
  artifactKey: Guid(5320e580581d963419d692e1fc459a53) Importer(815301076,1909f56bfc062723c751e8b465ee728b)
Start importing Assets/Prefabs/Stains/stain-13.prefab using Guid(5320e580581d963419d692e1fc459a53) Importer(815301076,1909f56bfc062723c751e8b465ee728b)  -> (artifact id: '7e71f4cea36dd9a76aa732338dcc6bb7') in 0.011669 seconds 
  Import took 0.027065 seconds .

========================================================================
Received Import Request.
  Time since last request: 56.183305 seconds.
  path: Assets/Prefabs/Stains/stain-15.prefab
  artifactKey: Guid(75e7c9f8fa7f7d64e9dd4faaa888ffb7) Importer(815301076,1909f56bfc062723c751e8b465ee728b)
Start importing Assets/Prefabs/Stains/stain-15.prefab using Guid(75e7c9f8fa7f7d64e9dd4faaa888ffb7) Importer(815301076,1909f56bfc062723c751e8b465ee728b)  -> (artifact id: '9f112901e224a58c6707962367b684da') in 0.012851 seconds 
  Import took 0.018035 seconds .

========================================================================
Received Import Request.
  Time since last request: 14.399373 seconds.
  path: Assets/Prefabs/Stains/stain-10.prefab
  artifactKey: Guid(58d16b3d1ee53af4e8a57ca50252339b) Importer(815301076,1909f56bfc062723c751e8b465ee728b)
Start importing Assets/Prefabs/Stains/stain-10.prefab using Guid(58d16b3d1ee53af4e8a57ca50252339b) Importer(815301076,1909f56bfc062723c751e8b465ee728b)  -> (artifact id: '0dcd2d3a3e94cbf77449955dffcab0d0') in 0.012482 seconds 
  Import took 0.016935 seconds .

========================================================================
Received Import Request.
  Time since last request: 35.215560 seconds.
  path: Assets/Prefabs/Stains/stain-4.prefab
  artifactKey: Guid(c9775cdc65cc33e4f8ce665117ff0fb6) Importer(815301076,1909f56bfc062723c751e8b465ee728b)
Start importing Assets/Prefabs/Stains/stain-4.prefab using Guid(c9775cdc65cc33e4f8ce665117ff0fb6) Importer(815301076,1909f56bfc062723c751e8b465ee728b)  -> (artifact id: '27eca2283908cd7c6454e30efff9195e') in 0.013085 seconds 
  Import took 0.018772 seconds .

========================================================================
Received Import Request.
  Time since last request: 7.385068 seconds.
  path: Assets/Prefabs/Stains/stain-11.prefab
  artifactKey: Guid(e671c05220f23044b84d1e9354736dd1) Importer(815301076,1909f56bfc062723c751e8b465ee728b)
Start importing Assets/Prefabs/Stains/stain-11.prefab using Guid(e671c05220f23044b84d1e9354736dd1) Importer(815301076,1909f56bfc062723c751e8b465ee728b)  -> (artifact id: 'de56785f3e360af0917bd0bd2b1fedb4') in 0.014842 seconds 
  Import took 0.019784 seconds .

========================================================================
Received Import Request.
  Time since last request: 19.411178 seconds.
  path: Assets/Prefabs/Stains/stain-8.prefab
  artifactKey: Guid(c87cb808ec80c484f810e8db9d7d5fca) Importer(815301076,1909f56bfc062723c751e8b465ee728b)
Start importing Assets/Prefabs/Stains/stain-8.prefab using Guid(c87cb808ec80c484f810e8db9d7d5fca) Importer(815301076,1909f56bfc062723c751e8b465ee728b)  -> (artifact id: 'fb4c0dc368743b9148a33b1583d67b9c') in 0.023261 seconds 
  Import took 0.038861 seconds .

========================================================================
Received Import Request.
  Time since last request: 15.228520 seconds.
  path: Assets/Prefabs/Stains/stain-2.prefab
  artifactKey: Guid(465432bf01b702d479eb115e774e0082) Importer(815301076,1909f56bfc062723c751e8b465ee728b)
Start importing Assets/Prefabs/Stains/stain-2.prefab using Guid(465432bf01b702d479eb115e774e0082) Importer(815301076,1909f56bfc062723c751e8b465ee728b)  -> (artifact id: 'f6d9cbeb9aac380c89f194b90463fdf0') in 0.012639 seconds 
  Import took 0.041926 seconds .

========================================================================
Received Import Request.
  Time since last request: 65.419049 seconds.
  path: Assets/Prefabs/Stains/stain-5.prefab
  artifactKey: Guid(bf5ddf6fdd59e134fb173949748c5b22) Importer(815301076,1909f56bfc062723c751e8b465ee728b)
Start importing Assets/Prefabs/Stains/stain-5.prefab using Guid(bf5ddf6fdd59e134fb173949748c5b22) Importer(815301076,1909f56bfc062723c751e8b465ee728b)  -> (artifact id: 'b5904b7bb697b96a42b2aae1c2278295') in 0.012772 seconds 
  Import took 0.167836 seconds .

========================================================================
Received Import Request.
  Time since last request: 28.554781 seconds.
  path: Assets/Prefabs/Stains/stain-6.prefab
  artifactKey: Guid(0ffa81c818a2943479f2e950d46b5c52) Importer(815301076,1909f56bfc062723c751e8b465ee728b)
Start importing Assets/Prefabs/Stains/stain-6.prefab using Guid(0ffa81c818a2943479f2e950d46b5c52) Importer(815301076,1909f56bfc062723c751e8b465ee728b)  -> (artifact id: '699919e65dcfb053bf185c36d866265b') in 0.012314 seconds 
  Import took 0.030404 seconds .

========================================================================
Received Import Request.
  Time since last request: 50.659094 seconds.
  path: Assets/Prefabs/Stains/stain-12.prefab
  artifactKey: Guid(78796fde74a8dd940b3b82e2f32aab74) Importer(815301076,1909f56bfc062723c751e8b465ee728b)
Start importing Assets/Prefabs/Stains/stain-12.prefab using Guid(78796fde74a8dd940b3b82e2f32aab74) Importer(815301076,1909f56bfc062723c751e8b465ee728b)  -> (artifact id: 'a3dea7038240921ba6005291fa690ffc') in 0.012027 seconds 
  Import took 0.017538 seconds .

========================================================================
Received Import Request.
  Time since last request: 16.634402 seconds.
  path: Assets/Prefabs/RoomPrefab.prefab
  artifactKey: Guid(b55d792939bf493458d939898b5546c7) Importer(815301076,1909f56bfc062723c751e8b465ee728b)
Start importing Assets/Prefabs/RoomPrefab.prefab using Guid(b55d792939bf493458d939898b5546c7) Importer(815301076,1909f56bfc062723c751e8b465ee728b)  -> (artifact id: '1e5874da2370ae957438525089026667') in 0.041319 seconds 
  Import took 0.178249 seconds .

========================================================================
Received Prepare
Registering precompiled user dll's ...
Registered in 0.003327 seconds.
Begin MonoManager ReloadAssembly
Native extension for LinuxStandalone target not found
Native extension for WindowsStandalone target not found
Native extension for OSXStandalone target not found
Native extension for WebGL target not found
Refreshing native plugins compatible for Editor in 0.52 ms, found 2 plugins.
Preloading 0 native plugins for Editor in 0.00 ms.
Mono: successfully reloaded assembly
- Completed reload, in  1.044 seconds
Domain Reload Profiling:
	ReloadAssembly (1044ms)
		BeginReloadAssembly (117ms)
			ExecutionOrderSort (0ms)
			DisableScriptedObjects (7ms)
			BackupInstance (0ms)
			ReleaseScriptingObjects (0ms)
			CreateAndSetChildDomain (37ms)
		EndReloadAssembly (870ms)
			LoadAssemblies (97ms)
			RebuildTransferFunctionScriptingTraits (0ms)
			SetupTypeCache (303ms)
			ReleaseScriptCaches (1ms)
			RebuildScriptCaches (42ms)
			SetupLoadedEditorAssemblies (298ms)
				LogAssemblyErrors (0ms)
				InitializePlatformSupportModulesInManaged (7ms)
				SetLoadedEditorAssemblies (0ms)
				RefreshPlugins (1ms)
				BeforeProcessingInitializeOnLoad (100ms)
				ProcessInitializeOnLoadAttributes (173ms)
				ProcessInitializeOnLoadMethodAttributes (9ms)
				AfterProcessingInitializeOnLoad (7ms)
				EditorAssembliesLoaded (0ms)
			ExecutionOrderSort2 (0ms)
			AwakeInstancesAfterBackupRestoration (15ms)
Platform modules already initialized, skipping
Refreshing native plugins compatible for Editor in 0.60 ms, found 2 plugins.
Preloading 0 native plugins for Editor in 0.00 ms.
Unloading 2779 Unused Serialized files (Serialized files now loaded: 0)
System memory in use before: 128.9 MB.
System memory in use after: 129.1 MB.

Unloading 15 unused Assets to reduce memory usage. Loaded Objects now: 3457.
Total: 3.331100 ms (FindLiveObjects: 0.288800 ms CreateObjectMapping: 0.193300 ms MarkObjects: 2.828900 ms  DeleteObjects: 0.019400 ms)

AssetImportParameters requested are different than current active one (requested -> active):
  custom:framework-win-MediaFoundation: 216162199b28c13a410421893ffa2e32 -> 
  custom:video-decoder-ogg-theora: a1e56fd34408186e4bbccfd4996cb3dc -> 
  custom:container-muxer-webm: aa71ff27fc2769a1b78a27578f13a17b -> 
  custom:container-demuxer-webm: 4f35f7cbe854078d1ac9338744f61a02 -> 
  custom:container-demuxer-ogg: 62fdf1f143b41e24485cea50d1cbac27 -> 
  custom:video-encoder-webm-vp8: eb34c28f22e8b96e1ab97ce403110664 -> 
  custom:video-decoder-webm-vp8: 9c59270c3fd7afecdb556c50c9e8de78 -> 
  custom:audio-decoder-ogg-vorbis: bf7c407c2cedff20999df2af8eb42d56 -> 
  custom:audio-encoder-webm-vorbis: bf7c407c2cedff20999df2af8eb42d56 -> 
========================================================================
Received Import Request.
  Time since last request: 17.814286 seconds.
  path: Assets/Prefabs/RoomPrefab.prefab
  artifactKey: Guid(b55d792939bf493458d939898b5546c7) Importer(815301076,1909f56bfc062723c751e8b465ee728b)
Start importing Assets/Prefabs/RoomPrefab.prefab using Guid(b55d792939bf493458d939898b5546c7) Importer(815301076,1909f56bfc062723c751e8b465ee728b)  -> (artifact id: '4a216d5e2b28f3e634dfe013b3b97184') in 0.204440 seconds 
  Import took 0.216104 seconds .

========================================================================
Received Import Request.
  Time since last request: 3.244187 seconds.
  path: Assets/Prefabs/RoomPrefab.prefab
  artifactKey: Guid(b55d792939bf493458d939898b5546c7) Importer(815301076,1909f56bfc062723c751e8b465ee728b)
Start importing Assets/Prefabs/RoomPrefab.prefab using Guid(b55d792939bf493458d939898b5546c7) Importer(815301076,1909f56bfc062723c751e8b465ee728b)  -> (artifact id: '503453577c9a85f68c521705b54b23fa') in 0.039750 seconds 
  Import took 0.055257 seconds .

========================================================================
Received Import Request.
  Time since last request: 1.942624 seconds.
  path: Assets/Prefabs/RoomPrefab.prefab
  artifactKey: Guid(b55d792939bf493458d939898b5546c7) Importer(815301076,1909f56bfc062723c751e8b465ee728b)
Start importing Assets/Prefabs/RoomPrefab.prefab using Guid(b55d792939bf493458d939898b5546c7) Importer(815301076,1909f56bfc062723c751e8b465ee728b)  -> (artifact id: 'a5eaaa3435bd9e4d77ca26da0af40611') in 0.041529 seconds 
  Import took 0.076846 seconds .

========================================================================
Received Prepare
Registering precompiled user dll's ...
Registered in 0.003218 seconds.
Begin MonoManager ReloadAssembly
Native extension for LinuxStandalone target not found
Native extension for WindowsStandalone target not found
Native extension for OSXStandalone target not found
Native extension for WebGL target not found
Refreshing native plugins compatible for Editor in 0.54 ms, found 2 plugins.
Preloading 0 native plugins for Editor in 0.00 ms.
Mono: successfully reloaded assembly
- Completed reload, in  1.068 seconds
Domain Reload Profiling:
	ReloadAssembly (1068ms)
		BeginReloadAssembly (116ms)
			ExecutionOrderSort (0ms)
			DisableScriptedObjects (6ms)
			BackupInstance (0ms)
			ReleaseScriptingObjects (0ms)
			CreateAndSetChildDomain (36ms)
		EndReloadAssembly (890ms)
			LoadAssemblies (97ms)
			RebuildTransferFunctionScriptingTraits (0ms)
			SetupTypeCache (328ms)
			ReleaseScriptCaches (1ms)
			RebuildScriptCaches (41ms)
			SetupLoadedEditorAssemblies (297ms)
				LogAssemblyErrors (0ms)
				InitializePlatformSupportModulesInManaged (7ms)
				SetLoadedEditorAssemblies (0ms)
				RefreshPlugins (1ms)
				BeforeProcessingInitializeOnLoad (98ms)
				ProcessInitializeOnLoadAttributes (175ms)
				ProcessInitializeOnLoadMethodAttributes (9ms)
				AfterProcessingInitializeOnLoad (7ms)
				EditorAssembliesLoaded (0ms)
			ExecutionOrderSort2 (0ms)
			AwakeInstancesAfterBackupRestoration (18ms)
Platform modules already initialized, skipping
Refreshing native plugins compatible for Editor in 0.54 ms, found 2 plugins.
Preloading 0 native plugins for Editor in 0.00 ms.
Unloading 2779 Unused Serialized files (Serialized files now loaded: 0)
System memory in use before: 129.1 MB.
System memory in use after: 129.3 MB.

Unloading 15 unused Assets to reduce memory usage. Loaded Objects now: 3495.
Total: 3.073500 ms (FindLiveObjects: 0.218200 ms CreateObjectMapping: 0.122700 ms MarkObjects: 2.711800 ms  DeleteObjects: 0.020000 ms)

AssetImportParameters requested are different than current active one (requested -> active):
  custom:framework-win-MediaFoundation: 216162199b28c13a410421893ffa2e32 -> 
  custom:video-decoder-ogg-theora: a1e56fd34408186e4bbccfd4996cb3dc -> 
  custom:container-muxer-webm: aa71ff27fc2769a1b78a27578f13a17b -> 
  custom:container-demuxer-webm: 4f35f7cbe854078d1ac9338744f61a02 -> 
  custom:container-demuxer-ogg: 62fdf1f143b41e24485cea50d1cbac27 -> 
  custom:video-encoder-webm-vp8: eb34c28f22e8b96e1ab97ce403110664 -> 
  custom:video-decoder-webm-vp8: 9c59270c3fd7afecdb556c50c9e8de78 -> 
  custom:audio-decoder-ogg-vorbis: bf7c407c2cedff20999df2af8eb42d56 -> 
  custom:audio-encoder-webm-vorbis: bf7c407c2cedff20999df2af8eb42d56 -> 
========================================================================
Received Import Request.
  Time since last request: 194.838342 seconds.
  path: Assets/Prefabs/RoomPrefab.prefab
  artifactKey: Guid(b55d792939bf493458d939898b5546c7) Importer(815301076,1909f56bfc062723c751e8b465ee728b)
Start importing Assets/Prefabs/RoomPrefab.prefab using Guid(b55d792939bf493458d939898b5546c7) Importer(815301076,1909f56bfc062723c751e8b465ee728b)  -> (artifact id: 'f99242acbc8d4b45485b39ad0a04b556') in 0.655114 seconds 
  Import took 0.702109 seconds .

========================================================================
Received Import Request.
  Time since last request: 0.555349 seconds.
  path: Assets/Materials/Stains.mat
  artifactKey: Guid(6aef981aede14484a8cede1385acb51a) Importer(815301076,1909f56bfc062723c751e8b465ee728b)
Start importing Assets/Materials/Stains.mat using Guid(6aef981aede14484a8cede1385acb51a) Importer(815301076,1909f56bfc062723c751e8b465ee728b)  -> (artifact id: 'd1e68acf3990bc9be806802e17f63132') in 0.075128 seconds 
  Import took 0.081482 seconds .

========================================================================
Received Import Request.
  Time since last request: 20.134172 seconds.
  path: Assets/Prefabs/RoomPrefab.prefab
  artifactKey: Guid(b55d792939bf493458d939898b5546c7) Importer(815301076,1909f56bfc062723c751e8b465ee728b)
Start importing Assets/Prefabs/RoomPrefab.prefab using Guid(b55d792939bf493458d939898b5546c7) Importer(815301076,1909f56bfc062723c751e8b465ee728b)  -> (artifact id: 'aab5a657bd896b1d6c852d69ac4c0023') in 0.044228 seconds 
  Import took 0.052366 seconds .

========================================================================
Received Prepare
Registering precompiled user dll's ...
Registered in 0.003308 seconds.
Begin MonoManager ReloadAssembly
Native extension for LinuxStandalone target not found
Native extension for WindowsStandalone target not found
Native extension for OSXStandalone target not found
Native extension for WebGL target not found
Refreshing native plugins compatible for Editor in 0.64 ms, found 2 plugins.
Preloading 0 native plugins for Editor in 0.00 ms.
Mono: successfully reloaded assembly
- Completed reload, in  1.073 seconds
Domain Reload Profiling:
	ReloadAssembly (1074ms)
		BeginReloadAssembly (117ms)
			ExecutionOrderSort (0ms)
			DisableScriptedObjects (6ms)
			BackupInstance (0ms)
			ReleaseScriptingObjects (0ms)
			CreateAndSetChildDomain (38ms)
		EndReloadAssembly (896ms)
			LoadAssemblies (99ms)
			RebuildTransferFunctionScriptingTraits (0ms)
			SetupTypeCache (330ms)
			ReleaseScriptCaches (1ms)
			RebuildScriptCaches (44ms)
			SetupLoadedEditorAssemblies (289ms)
				LogAssemblyErrors (0ms)
				InitializePlatformSupportModulesInManaged (7ms)
				SetLoadedEditorAssemblies (1ms)
				RefreshPlugins (1ms)
				BeforeProcessingInitializeOnLoad (97ms)
				ProcessInitializeOnLoadAttributes (169ms)
				ProcessInitializeOnLoadMethodAttributes (8ms)
				AfterProcessingInitializeOnLoad (6ms)
				EditorAssembliesLoaded (0ms)
			ExecutionOrderSort2 (0ms)
			AwakeInstancesAfterBackupRestoration (20ms)
Platform modules already initialized, skipping
Refreshing native plugins compatible for Editor in 0.53 ms, found 2 plugins.
Preloading 0 native plugins for Editor in 0.00 ms.
Unloading 2779 Unused Serialized files (Serialized files now loaded: 0)
System memory in use before: 129.3 MB.
System memory in use after: 129.5 MB.

Unloading 15 unused Assets to reduce memory usage. Loaded Objects now: 3533.
Total: 3.175400 ms (FindLiveObjects: 0.225000 ms CreateObjectMapping: 0.121000 ms MarkObjects: 2.809100 ms  DeleteObjects: 0.019600 ms)

AssetImportParameters requested are different than current active one (requested -> active):
  custom:framework-win-MediaFoundation: 216162199b28c13a410421893ffa2e32 -> 
  custom:video-decoder-ogg-theora: a1e56fd34408186e4bbccfd4996cb3dc -> 
  custom:container-muxer-webm: aa71ff27fc2769a1b78a27578f13a17b -> 
  custom:container-demuxer-webm: 4f35f7cbe854078d1ac9338744f61a02 -> 
  custom:container-demuxer-ogg: 62fdf1f143b41e24485cea50d1cbac27 -> 
  custom:video-encoder-webm-vp8: eb34c28f22e8b96e1ab97ce403110664 -> 
  custom:video-decoder-webm-vp8: 9c59270c3fd7afecdb556c50c9e8de78 -> 
  custom:audio-decoder-ogg-vorbis: bf7c407c2cedff20999df2af8eb42d56 -> 
  custom:audio-encoder-webm-vorbis: bf7c407c2cedff20999df2af8eb42d56 -> 
========================================================================
Received Prepare
Registering precompiled user dll's ...
Registered in 0.003357 seconds.
Begin MonoManager ReloadAssembly
Native extension for LinuxStandalone target not found
Native extension for WindowsStandalone target not found
Native extension for OSXStandalone target not found
Native extension for WebGL target not found
Refreshing native plugins compatible for Editor in 0.58 ms, found 2 plugins.
Preloading 0 native plugins for Editor in 0.00 ms.
Mono: successfully reloaded assembly
- Completed reload, in  1.070 seconds
Domain Reload Profiling:
	ReloadAssembly (1071ms)
		BeginReloadAssembly (117ms)
			ExecutionOrderSort (0ms)
			DisableScriptedObjects (5ms)
			BackupInstance (0ms)
			ReleaseScriptingObjects (0ms)
			CreateAndSetChildDomain (35ms)
		EndReloadAssembly (892ms)
			LoadAssemblies (109ms)
			RebuildTransferFunctionScriptingTraits (0ms)
			SetupTypeCache (320ms)
			ReleaseScriptCaches (1ms)
			RebuildScriptCaches (41ms)
			SetupLoadedEditorAssemblies (297ms)
				LogAssemblyErrors (0ms)
				InitializePlatformSupportModulesInManaged (9ms)
				SetLoadedEditorAssemblies (1ms)
				RefreshPlugins (1ms)
				BeforeProcessingInitializeOnLoad (99ms)
				ProcessInitializeOnLoadAttributes (173ms)
				ProcessInitializeOnLoadMethodAttributes (8ms)
				AfterProcessingInitializeOnLoad (6ms)
				EditorAssembliesLoaded (0ms)
			ExecutionOrderSort2 (0ms)
			AwakeInstancesAfterBackupRestoration (17ms)
Platform modules already initialized, skipping
Refreshing native plugins compatible for Editor in 0.54 ms, found 2 plugins.
Preloading 0 native plugins for Editor in 0.00 ms.
Unloading 2779 Unused Serialized files (Serialized files now loaded: 0)
System memory in use before: 129.3 MB.
System memory in use after: 129.5 MB.

Unloading 15 unused Assets to reduce memory usage. Loaded Objects now: 3535.
Total: 3.541300 ms (FindLiveObjects: 0.705600 ms CreateObjectMapping: 0.178500 ms MarkObjects: 2.637400 ms  DeleteObjects: 0.019200 ms)

AssetImportParameters requested are different than current active one (requested -> active):
  custom:framework-win-MediaFoundation: 216162199b28c13a410421893ffa2e32 -> 
  custom:video-decoder-ogg-theora: a1e56fd34408186e4bbccfd4996cb3dc -> 
  custom:container-muxer-webm: aa71ff27fc2769a1b78a27578f13a17b -> 
  custom:container-demuxer-webm: 4f35f7cbe854078d1ac9338744f61a02 -> 
  custom:container-demuxer-ogg: 62fdf1f143b41e24485cea50d1cbac27 -> 
  custom:video-encoder-webm-vp8: eb34c28f22e8b96e1ab97ce403110664 -> 
  custom:video-decoder-webm-vp8: 9c59270c3fd7afecdb556c50c9e8de78 -> 
  custom:audio-decoder-ogg-vorbis: bf7c407c2cedff20999df2af8eb42d56 -> 
  custom:audio-encoder-webm-vorbis: bf7c407c2cedff20999df2af8eb42d56 -> 
========================================================================
Received Prepare
Registering precompiled user dll's ...
Registered in 0.003241 seconds.
Begin MonoManager ReloadAssembly
Native extension for LinuxStandalone target not found
Native extension for WindowsStandalone target not found
Native extension for OSXStandalone target not found
Native extension for WebGL target not found
Refreshing native plugins compatible for Editor in 0.53 ms, found 2 plugins.
Preloading 0 native plugins for Editor in 0.00 ms.
Mono: successfully reloaded assembly
- Completed reload, in  0.996 seconds
Domain Reload Profiling:
	ReloadAssembly (996ms)
		BeginReloadAssembly (106ms)
			ExecutionOrderSort (0ms)
			DisableScriptedObjects (5ms)
			BackupInstance (0ms)
			ReleaseScriptingObjects (0ms)
			CreateAndSetChildDomain (31ms)
		EndReloadAssembly (834ms)
			LoadAssemblies (90ms)
			RebuildTransferFunctionScriptingTraits (0ms)
			SetupTypeCache (295ms)
			ReleaseScriptCaches (1ms)
			RebuildScriptCaches (40ms)
			SetupLoadedEditorAssemblies (280ms)
				LogAssemblyErrors (0ms)
				InitializePlatformSupportModulesInManaged (7ms)
				SetLoadedEditorAssemblies (1ms)
				RefreshPlugins (1ms)
				BeforeProcessingInitializeOnLoad (95ms)
				ProcessInitializeOnLoadAttributes (163ms)
				ProcessInitializeOnLoadMethodAttributes (8ms)
				AfterProcessingInitializeOnLoad (6ms)
				EditorAssembliesLoaded (0ms)
			ExecutionOrderSort2 (0ms)
			AwakeInstancesAfterBackupRestoration (16ms)
Platform modules already initialized, skipping
Refreshing native plugins compatible for Editor in 0.52 ms, found 2 plugins.
Preloading 0 native plugins for Editor in 0.00 ms.
Unloading 2779 Unused Serialized files (Serialized files now loaded: 0)
System memory in use before: 129.3 MB.
System memory in use after: 129.5 MB.

Unloading 15 unused Assets to reduce memory usage. Loaded Objects now: 3537.
Total: 3.006800 ms (FindLiveObjects: 0.237100 ms CreateObjectMapping: 0.127900 ms MarkObjects: 2.621700 ms  DeleteObjects: 0.019300 ms)

AssetImportParameters requested are different than current active one (requested -> active):
  custom:framework-win-MediaFoundation: 216162199b28c13a410421893ffa2e32 -> 
  custom:video-decoder-ogg-theora: a1e56fd34408186e4bbccfd4996cb3dc -> 
  custom:container-muxer-webm: aa71ff27fc2769a1b78a27578f13a17b -> 
  custom:container-demuxer-webm: 4f35f7cbe854078d1ac9338744f61a02 -> 
  custom:container-demuxer-ogg: 62fdf1f143b41e24485cea50d1cbac27 -> 
  custom:video-encoder-webm-vp8: eb34c28f22e8b96e1ab97ce403110664 -> 
  custom:video-decoder-webm-vp8: 9c59270c3fd7afecdb556c50c9e8de78 -> 
  custom:audio-decoder-ogg-vorbis: bf7c407c2cedff20999df2af8eb42d56 -> 
  custom:audio-encoder-webm-vorbis: bf7c407c2cedff20999df2af8eb42d56 -> 
