Using pre-set license
Built from '2020.3/staging' branch; Version is '2020.3.28f1 (f5400f52e03f) revision 16072719'; Using compiler version '192528614'; Build Type 'Release'
OS: 'Windows 10  (10.0.19044) 64bit Professional' Language: 'nl' Physical Memory: 32702 MB
BatchMode: 1, IsHumanControllingUs: 0, StartBugReporterOnCrash: 0, Is64bit: 1, IsPro: 0

COMMAND LINE ARGUMENTS:
C:\Program Files\Unity\Hub\Editor\2020.3.28f1\Editor\Unity.exe
-adb2
-batchMode
-noUpm
-name
AssetImportWorker2
-projectPath
D:/Users/dylan/TheWallGame/The Wall New
-logFile
Logs/AssetImportWorker2.log
-srvPort
56622
Successfully changed project path to: D:/Users/dylan/TheWallGame/The Wall New
D:/Users/dylan/TheWallGame/The Wall New
Using Asset Import Pipeline V2.
Refreshing native plugins compatible for Editor in 62.45 ms, found 2 plugins.
Preloading 0 native plugins for Editor in 0.00 ms.
Initialize engine version: 2020.3.28f1 (f5400f52e03f)
[Subsystems] Discovering subsystems at path C:/Program Files/Unity/Hub/Editor/2020.3.28f1/Editor/Data/Resources/UnitySubsystems
[Subsystems] Discovering subsystems at path D:/Users/dylan/TheWallGame/The Wall New/Assets
GfxDevice: creating device client; threaded=0
Direct3D:
    Version:  Direct3D 11.0 [level 11.1]
    Renderer: NVIDIA GeForce GTX 1660 Ti (ID=0x2182)
    Vendor:   
    VRAM:     5991 MB
    Driver:   30.0.15.1215
Initialize mono
Mono path[0] = 'C:/Program Files/Unity/Hub/Editor/2020.3.28f1/Editor/Data/Managed'
Mono path[1] = 'C:/Program Files/Unity/Hub/Editor/2020.3.28f1/Editor/Data/MonoBleedingEdge/lib/mono/unityjit'
Mono config path = 'C:/Program Files/Unity/Hub/Editor/2020.3.28f1/Editor/Data/MonoBleedingEdge/etc'
Using monoOptions --debugger-agent=transport=dt_socket,embedding=1,server=y,suspend=n,address=127.0.0.1:56124
Begin MonoManager ReloadAssembly
Registering precompiled unity dll's ...
Register platform support module: C:/Program Files/Unity/Hub/Editor/2020.3.28f1/Editor/Data/PlaybackEngines/WebGLSupport/UnityEditor.WebGL.Extensions.dll
Register platform support module: C:/Program Files/Unity/Hub/Editor/2020.3.28f1/Editor/Data/PlaybackEngines/MacStandaloneSupport/UnityEditor.OSXStandalone.Extensions.dll
Register platform support module: C:/Program Files/Unity/Hub/Editor/2020.3.28f1/Editor/Data/PlaybackEngines/WindowsStandaloneSupport/UnityEditor.WindowsStandalone.Extensions.dll
Register platform support module: C:/Program Files/Unity/Hub/Editor/2020.3.28f1/Editor/Data/PlaybackEngines/LinuxStandaloneSupport/UnityEditor.LinuxStandalone.Extensions.dll
Registered in 0.003725 seconds.
Native extension for LinuxStandalone target not found
Native extension for WindowsStandalone target not found
Native extension for OSXStandalone target not found
Native extension for WebGL target not found
Refreshing native plugins compatible for Editor in 59.13 ms, found 2 plugins.
Preloading 0 native plugins for Editor in 0.00 ms.
Mono: successfully reloaded assembly
- Completed reload, in  0.661 seconds
Domain Reload Profiling:
	ReloadAssembly (661ms)
		BeginReloadAssembly (71ms)
			ExecutionOrderSort (0ms)
			DisableScriptedObjects (0ms)
			BackupInstance (0ms)
			ReleaseScriptingObjects (0ms)
			CreateAndSetChildDomain (1ms)
		EndReloadAssembly (512ms)
			LoadAssemblies (69ms)
			RebuildTransferFunctionScriptingTraits (0ms)
			SetupTypeCache (167ms)
			ReleaseScriptCaches (0ms)
			RebuildScriptCaches (30ms)
			SetupLoadedEditorAssemblies (195ms)
				LogAssemblyErrors (0ms)
				InitializePlatformSupportModulesInManaged (6ms)
				SetLoadedEditorAssemblies (0ms)
				RefreshPlugins (59ms)
				BeforeProcessingInitializeOnLoad (13ms)
				ProcessInitializeOnLoadAttributes (88ms)
				ProcessInitializeOnLoadMethodAttributes (29ms)
				AfterProcessingInitializeOnLoad (0ms)
				EditorAssembliesLoaded (0ms)
			ExecutionOrderSort2 (0ms)
			AwakeInstancesAfterBackupRestoration (0ms)
Platform modules already initialized, skipping
Registering precompiled user dll's ...
Registered in 0.003557 seconds.
Begin MonoManager ReloadAssembly
Native extension for LinuxStandalone target not found
Native extension for WindowsStandalone target not found
Native extension for OSXStandalone target not found
Native extension for WebGL target not found
Refreshing native plugins compatible for Editor in 61.32 ms, found 2 plugins.
Preloading 0 native plugins for Editor in 0.00 ms.
Mono: successfully reloaded assembly
- Completed reload, in  1.346 seconds
Domain Reload Profiling:
	ReloadAssembly (1351ms)
		BeginReloadAssembly (161ms)
			ExecutionOrderSort (0ms)
			DisableScriptedObjects (6ms)
			BackupInstance (0ms)
			ReleaseScriptingObjects (0ms)
			CreateAndSetChildDomain (20ms)
		EndReloadAssembly (1126ms)
			LoadAssemblies (107ms)
			RebuildTransferFunctionScriptingTraits (0ms)
			SetupTypeCache (358ms)
			ReleaseScriptCaches (1ms)
			RebuildScriptCaches (52ms)
			SetupLoadedEditorAssemblies (477ms)
				LogAssemblyErrors (0ms)
				InitializePlatformSupportModulesInManaged (7ms)
				SetLoadedEditorAssemblies (0ms)
				RefreshPlugins (61ms)
				BeforeProcessingInitializeOnLoad (90ms)
				ProcessInitializeOnLoadAttributes (301ms)
				ProcessInitializeOnLoadMethodAttributes (9ms)
				AfterProcessingInitializeOnLoad (8ms)
				EditorAssembliesLoaded (0ms)
			ExecutionOrderSort2 (0ms)
			AwakeInstancesAfterBackupRestoration (8ms)
Platform modules already initialized, skipping
========================================================================
Worker process is ready to serve import requests
Launched and connected shader compiler UnityShaderCompiler.exe after 0.10 seconds
Refreshing native plugins compatible for Editor in 0.70 ms, found 2 plugins.
Preloading 0 native plugins for Editor in 0.00 ms.
Unloading 2912 Unused Serialized files (Serialized files now loaded: 0)
System memory in use before: 132.0 MB.
System memory in use after: 132.2 MB.

Unloading 20 unused Assets to reduce memory usage. Loaded Objects now: 3345.
Total: 4.384800 ms (FindLiveObjects: 0.241700 ms CreateObjectMapping: 0.158000 ms MarkObjects: 3.892600 ms  DeleteObjects: 0.091200 ms)

AssetImportParameters requested are different than current active one (requested -> active):
  custom:framework-win-MediaFoundation: 216162199b28c13a410421893ffa2e32 -> 
  custom:video-decoder-ogg-theora: a1e56fd34408186e4bbccfd4996cb3dc -> 
  custom:container-muxer-webm: aa71ff27fc2769a1b78a27578f13a17b -> 
  custom:container-demuxer-webm: 4f35f7cbe854078d1ac9338744f61a02 -> 
  custom:container-demuxer-ogg: 62fdf1f143b41e24485cea50d1cbac27 -> 
  custom:video-encoder-webm-vp8: eb34c28f22e8b96e1ab97ce403110664 -> 
  custom:video-decoder-webm-vp8: 9c59270c3fd7afecdb556c50c9e8de78 -> 
  custom:audio-decoder-ogg-vorbis: bf7c407c2cedff20999df2af8eb42d56 -> 
  custom:audio-encoder-webm-vorbis: bf7c407c2cedff20999df2af8eb42d56 -> 
========================================================================
Received Import Request.
  path: Assets/Prefabs/Roofs/fullRoof.prefab
  artifactKey: Guid(94a78dfb06e4512468bd3d1cd23f26eb) Importer(815301076,1909f56bfc062723c751e8b465ee728b)
Start importing Assets/Prefabs/Roofs/fullRoof.prefab using Guid(94a78dfb06e4512468bd3d1cd23f26eb) Importer(815301076,1909f56bfc062723c751e8b465ee728b)  -> (artifact id: '11ca5698b8dc665a40fb25e8ae0aef24') in 0.352618 seconds 
  Import took 0.387098 seconds .

========================================================================
Received Prepare
Refreshing native plugins compatible for Editor in 3.76 ms, found 2 plugins.
Preloading 0 native plugins for Editor in 0.00 ms.
Unloading 13 Unused Serialized files (Serialized files now loaded: 0)
System memory in use before: 73.4 MB.
System memory in use after: 73.7 MB.

Unloading 13 unused Assets to reduce memory usage. Loaded Objects now: 3417.
Total: 4.282000 ms (FindLiveObjects: 0.285100 ms CreateObjectMapping: 0.200200 ms MarkObjects: 3.770300 ms  DeleteObjects: 0.025100 ms)

AssetImportParameters requested are different than current active one (requested -> active):
  custom:framework-win-MediaFoundation: 216162199b28c13a410421893ffa2e32 -> 
  custom:video-decoder-ogg-theora: a1e56fd34408186e4bbccfd4996cb3dc -> 
  custom:container-muxer-webm: aa71ff27fc2769a1b78a27578f13a17b -> 
  custom:container-demuxer-webm: 4f35f7cbe854078d1ac9338744f61a02 -> 
  custom:container-demuxer-ogg: 62fdf1f143b41e24485cea50d1cbac27 -> 
  custom:video-encoder-webm-vp8: eb34c28f22e8b96e1ab97ce403110664 -> 
  custom:video-decoder-webm-vp8: 9c59270c3fd7afecdb556c50c9e8de78 -> 
  custom:audio-decoder-ogg-vorbis: bf7c407c2cedff20999df2af8eb42d56 -> 
  custom:audio-encoder-webm-vorbis: bf7c407c2cedff20999df2af8eb42d56 -> 
========================================================================
Received Import Request.
  Time since last request: 81.859063 seconds.
  path: Assets/Prefabs/Roofs/fullRoof.prefab
  artifactKey: Guid(94a78dfb06e4512468bd3d1cd23f26eb) Importer(815301076,1909f56bfc062723c751e8b465ee728b)
Start importing Assets/Prefabs/Roofs/fullRoof.prefab using Guid(94a78dfb06e4512468bd3d1cd23f26eb) Importer(815301076,1909f56bfc062723c751e8b465ee728b)  -> (artifact id: '46b8535d9e26e010c8a1773f390a1a32') in 0.021426 seconds 
  Import took 0.088530 seconds .

========================================================================
Received Import Request.
  Time since last request: 0.465574 seconds.
  path: Assets/Prefabs/Roofs/fullRoof.prefab
  artifactKey: Guid(94a78dfb06e4512468bd3d1cd23f26eb) Importer(815301076,1909f56bfc062723c751e8b465ee728b)
Start importing Assets/Prefabs/Roofs/fullRoof.prefab using Guid(94a78dfb06e4512468bd3d1cd23f26eb) Importer(815301076,1909f56bfc062723c751e8b465ee728b)  -> (artifact id: 'ab6b33b040bb978518f5f660e2aba843') in 0.009817 seconds 
  Import took 0.033822 seconds .

========================================================================
Received Prepare
Registering precompiled user dll's ...
Registered in 0.006363 seconds.
Begin MonoManager ReloadAssembly
Native extension for LinuxStandalone target not found
Native extension for WindowsStandalone target not found
Native extension for OSXStandalone target not found
Native extension for WebGL target not found
Refreshing native plugins compatible for Editor in 0.72 ms, found 2 plugins.
Preloading 0 native plugins for Editor in 0.00 ms.
Mono: successfully reloaded assembly
- Completed reload, in  1.391 seconds
Domain Reload Profiling:
	ReloadAssembly (1392ms)
		BeginReloadAssembly (170ms)
			ExecutionOrderSort (0ms)
			DisableScriptedObjects (9ms)
			BackupInstance (0ms)
			ReleaseScriptingObjects (0ms)
			CreateAndSetChildDomain (50ms)
		EndReloadAssembly (1143ms)
			LoadAssemblies (130ms)
			RebuildTransferFunctionScriptingTraits (0ms)
			SetupTypeCache (414ms)
			ReleaseScriptCaches (1ms)
			RebuildScriptCaches (53ms)
			SetupLoadedEditorAssemblies (384ms)
				LogAssemblyErrors (0ms)
				InitializePlatformSupportModulesInManaged (9ms)
				SetLoadedEditorAssemblies (1ms)
				RefreshPlugins (1ms)
				BeforeProcessingInitializeOnLoad (130ms)
				ProcessInitializeOnLoadAttributes (225ms)
				ProcessInitializeOnLoadMethodAttributes (10ms)
				AfterProcessingInitializeOnLoad (9ms)
				EditorAssembliesLoaded (0ms)
			ExecutionOrderSort2 (0ms)
			AwakeInstancesAfterBackupRestoration (21ms)
Platform modules already initialized, skipping
Refreshing native plugins compatible for Editor in 0.72 ms, found 2 plugins.
Preloading 0 native plugins for Editor in 0.00 ms.
Unloading 2789 Unused Serialized files (Serialized files now loaded: 0)
System memory in use before: 128.8 MB.
System memory in use after: 129.0 MB.

Unloading 15 unused Assets to reduce memory usage. Loaded Objects now: 3392.
Total: 4.568900 ms (FindLiveObjects: 0.476500 ms CreateObjectMapping: 0.199200 ms MarkObjects: 3.866300 ms  DeleteObjects: 0.026000 ms)

AssetImportParameters requested are different than current active one (requested -> active):
  custom:framework-win-MediaFoundation: 216162199b28c13a410421893ffa2e32 -> 
  custom:video-decoder-ogg-theora: a1e56fd34408186e4bbccfd4996cb3dc -> 
  custom:container-muxer-webm: aa71ff27fc2769a1b78a27578f13a17b -> 
  custom:container-demuxer-webm: 4f35f7cbe854078d1ac9338744f61a02 -> 
  custom:container-demuxer-ogg: 62fdf1f143b41e24485cea50d1cbac27 -> 
  custom:video-encoder-webm-vp8: eb34c28f22e8b96e1ab97ce403110664 -> 
  custom:video-decoder-webm-vp8: 9c59270c3fd7afecdb556c50c9e8de78 -> 
  custom:audio-decoder-ogg-vorbis: bf7c407c2cedff20999df2af8eb42d56 -> 
  custom:audio-encoder-webm-vorbis: bf7c407c2cedff20999df2af8eb42d56 -> 
========================================================================
Received Import Request.
  Time since last request: 3789.274762 seconds.
  path: Assets/Prefabs/Roofs/fullRoof.prefab
  artifactKey: Guid(94a78dfb06e4512468bd3d1cd23f26eb) Importer(815301076,1909f56bfc062723c751e8b465ee728b)
Start importing Assets/Prefabs/Roofs/fullRoof.prefab using Guid(94a78dfb06e4512468bd3d1cd23f26eb) Importer(815301076,1909f56bfc062723c751e8b465ee728b)  -> (artifact id: '7eff4d01e31d2b209cce64af2f5cbc1d') in 0.163868 seconds 
  Import took 0.190886 seconds .

========================================================================
Received Prepare
Registering precompiled user dll's ...
Registered in 0.004077 seconds.
Begin MonoManager ReloadAssembly
Native extension for LinuxStandalone target not found
Native extension for WindowsStandalone target not found
Native extension for OSXStandalone target not found
Native extension for WebGL target not found
Refreshing native plugins compatible for Editor in 0.56 ms, found 2 plugins.
Preloading 0 native plugins for Editor in 0.00 ms.
Mono: successfully reloaded assembly
- Completed reload, in  1.129 seconds
Domain Reload Profiling:
	ReloadAssembly (1129ms)
		BeginReloadAssembly (128ms)
			ExecutionOrderSort (0ms)
			DisableScriptedObjects (7ms)
			BackupInstance (0ms)
			ReleaseScriptingObjects (0ms)
			CreateAndSetChildDomain (41ms)
		EndReloadAssembly (933ms)
			LoadAssemblies (106ms)
			RebuildTransferFunctionScriptingTraits (0ms)
			SetupTypeCache (336ms)
			ReleaseScriptCaches (1ms)
			RebuildScriptCaches (44ms)
			SetupLoadedEditorAssemblies (314ms)
				LogAssemblyErrors (0ms)
				InitializePlatformSupportModulesInManaged (7ms)
				SetLoadedEditorAssemblies (0ms)
				RefreshPlugins (1ms)
				BeforeProcessingInitializeOnLoad (105ms)
				ProcessInitializeOnLoadAttributes (185ms)
				ProcessInitializeOnLoadMethodAttributes (9ms)
				AfterProcessingInitializeOnLoad (7ms)
				EditorAssembliesLoaded (0ms)
			ExecutionOrderSort2 (0ms)
			AwakeInstancesAfterBackupRestoration (18ms)
Platform modules already initialized, skipping
Refreshing native plugins compatible for Editor in 0.56 ms, found 2 plugins.
Preloading 0 native plugins for Editor in 0.00 ms.
Unloading 2789 Unused Serialized files (Serialized files now loaded: 0)
System memory in use before: 128.9 MB.
System memory in use after: 129.2 MB.

Unloading 15 unused Assets to reduce memory usage. Loaded Objects now: 3430.
Total: 3.551900 ms (FindLiveObjects: 0.236000 ms CreateObjectMapping: 0.141200 ms MarkObjects: 3.153400 ms  DeleteObjects: 0.020500 ms)

AssetImportParameters requested are different than current active one (requested -> active):
  custom:framework-win-MediaFoundation: 216162199b28c13a410421893ffa2e32 -> 
  custom:video-decoder-ogg-theora: a1e56fd34408186e4bbccfd4996cb3dc -> 
  custom:container-muxer-webm: aa71ff27fc2769a1b78a27578f13a17b -> 
  custom:container-demuxer-webm: 4f35f7cbe854078d1ac9338744f61a02 -> 
  custom:container-demuxer-ogg: 62fdf1f143b41e24485cea50d1cbac27 -> 
  custom:video-encoder-webm-vp8: eb34c28f22e8b96e1ab97ce403110664 -> 
  custom:video-decoder-webm-vp8: 9c59270c3fd7afecdb556c50c9e8de78 -> 
  custom:audio-decoder-ogg-vorbis: bf7c407c2cedff20999df2af8eb42d56 -> 
  custom:audio-encoder-webm-vorbis: bf7c407c2cedff20999df2af8eb42d56 -> 
========================================================================
Received Import Request.
  Time since last request: 144.733014 seconds.
  path: Assets/Prefabs/Roofs/fullRoof.prefab
  artifactKey: Guid(94a78dfb06e4512468bd3d1cd23f26eb) Importer(815301076,1909f56bfc062723c751e8b465ee728b)
Start importing Assets/Prefabs/Roofs/fullRoof.prefab using Guid(94a78dfb06e4512468bd3d1cd23f26eb) Importer(815301076,1909f56bfc062723c751e8b465ee728b)  -> (artifact id: '81e503a3e056d5154c324e6a26350abd') in 0.175169 seconds 
  Import took 0.180445 seconds .

========================================================================
Received Import Request.
  Time since last request: 20.139959 seconds.
  path: Assets/Prefabs/Roofs/fullRoof.prefab
  artifactKey: Guid(94a78dfb06e4512468bd3d1cd23f26eb) Importer(815301076,1909f56bfc062723c751e8b465ee728b)
Start importing Assets/Prefabs/Roofs/fullRoof.prefab using Guid(94a78dfb06e4512468bd3d1cd23f26eb) Importer(815301076,1909f56bfc062723c751e8b465ee728b)  -> (artifact id: '3118f9ed808e3bec10109fcb299c040c') in 0.009431 seconds 
  Import took 0.022843 seconds .

========================================================================
Received Import Request.
  Time since last request: 4.002692 seconds.
  path: Assets/Prefabs/Roofs/fullRoof.prefab
  artifactKey: Guid(94a78dfb06e4512468bd3d1cd23f26eb) Importer(815301076,1909f56bfc062723c751e8b465ee728b)
Start importing Assets/Prefabs/Roofs/fullRoof.prefab using Guid(94a78dfb06e4512468bd3d1cd23f26eb) Importer(815301076,1909f56bfc062723c751e8b465ee728b)  -> (artifact id: 'fbe7ed078bde372fde097cfe0b9218d5') in 0.027565 seconds 
  Import took 0.033801 seconds .

========================================================================
Received Import Request.
  Time since last request: 2.790817 seconds.
  path: Assets/Prefabs/Roofs/fullRoof.prefab
  artifactKey: Guid(94a78dfb06e4512468bd3d1cd23f26eb) Importer(815301076,1909f56bfc062723c751e8b465ee728b)
Start importing Assets/Prefabs/Roofs/fullRoof.prefab using Guid(94a78dfb06e4512468bd3d1cd23f26eb) Importer(815301076,1909f56bfc062723c751e8b465ee728b)  -> (artifact id: '433eb83dfa58b97b37a0200c1f3f4abd') in 0.013272 seconds 
  Import took 0.021780 seconds .

========================================================================
Received Import Request.
  Time since last request: 2.193177 seconds.
  path: Assets/Prefabs/Roofs/fullRoof.prefab
  artifactKey: Guid(94a78dfb06e4512468bd3d1cd23f26eb) Importer(815301076,1909f56bfc062723c751e8b465ee728b)
Start importing Assets/Prefabs/Roofs/fullRoof.prefab using Guid(94a78dfb06e4512468bd3d1cd23f26eb) Importer(815301076,1909f56bfc062723c751e8b465ee728b)  -> (artifact id: 'c07b1e6f8d28316bf3ae10b999205819') in 0.009415 seconds 
  Import took 0.035429 seconds .

========================================================================
Received Import Request.
  Time since last request: 2.787637 seconds.
  path: Assets/Prefabs/Roofs/fullRoof.prefab
  artifactKey: Guid(94a78dfb06e4512468bd3d1cd23f26eb) Importer(815301076,1909f56bfc062723c751e8b465ee728b)
Start importing Assets/Prefabs/Roofs/fullRoof.prefab using Guid(94a78dfb06e4512468bd3d1cd23f26eb) Importer(815301076,1909f56bfc062723c751e8b465ee728b)  -> (artifact id: 'eee5873123a135cfc4b0bae714538336') in 0.007916 seconds 
  Import took 0.046411 seconds .

========================================================================
Received Prepare
Registering precompiled user dll's ...
Registered in 0.005524 seconds.
Begin MonoManager ReloadAssembly
Native extension for LinuxStandalone target not found
Native extension for WindowsStandalone target not found
Native extension for OSXStandalone target not found
Native extension for WebGL target not found
Refreshing native plugins compatible for Editor in 0.55 ms, found 2 plugins.
Preloading 0 native plugins for Editor in 0.00 ms.
Mono: successfully reloaded assembly
- Completed reload, in  1.103 seconds
Domain Reload Profiling:
	ReloadAssembly (1104ms)
		BeginReloadAssembly (134ms)
			ExecutionOrderSort (0ms)
			DisableScriptedObjects (8ms)
			BackupInstance (0ms)
			ReleaseScriptingObjects (0ms)
			CreateAndSetChildDomain (43ms)
		EndReloadAssembly (899ms)
			LoadAssemblies (109ms)
			RebuildTransferFunctionScriptingTraits (0ms)
			SetupTypeCache (346ms)
			ReleaseScriptCaches (1ms)
			RebuildScriptCaches (39ms)
			SetupLoadedEditorAssemblies (287ms)
				LogAssemblyErrors (0ms)
				InitializePlatformSupportModulesInManaged (7ms)
				SetLoadedEditorAssemblies (0ms)
				RefreshPlugins (1ms)
				BeforeProcessingInitializeOnLoad (98ms)
				ProcessInitializeOnLoadAttributes (167ms)
				ProcessInitializeOnLoadMethodAttributes (8ms)
				AfterProcessingInitializeOnLoad (6ms)
				EditorAssembliesLoaded (0ms)
			ExecutionOrderSort2 (0ms)
			AwakeInstancesAfterBackupRestoration (16ms)
Platform modules already initialized, skipping
Refreshing native plugins compatible for Editor in 0.53 ms, found 2 plugins.
Preloading 0 native plugins for Editor in 0.00 ms.
Unloading 2789 Unused Serialized files (Serialized files now loaded: 0)
System memory in use before: 129.1 MB.
System memory in use after: 129.3 MB.

Unloading 15 unused Assets to reduce memory usage. Loaded Objects now: 3468.
Total: 3.555900 ms (FindLiveObjects: 0.250000 ms CreateObjectMapping: 0.136500 ms MarkObjects: 3.145100 ms  DeleteObjects: 0.023000 ms)

AssetImportParameters requested are different than current active one (requested -> active):
  custom:framework-win-MediaFoundation: 216162199b28c13a410421893ffa2e32 -> 
  custom:video-decoder-ogg-theora: a1e56fd34408186e4bbccfd4996cb3dc -> 
  custom:container-muxer-webm: aa71ff27fc2769a1b78a27578f13a17b -> 
  custom:container-demuxer-webm: 4f35f7cbe854078d1ac9338744f61a02 -> 
  custom:container-demuxer-ogg: 62fdf1f143b41e24485cea50d1cbac27 -> 
  custom:video-encoder-webm-vp8: eb34c28f22e8b96e1ab97ce403110664 -> 
  custom:video-decoder-webm-vp8: 9c59270c3fd7afecdb556c50c9e8de78 -> 
  custom:audio-decoder-ogg-vorbis: bf7c407c2cedff20999df2af8eb42d56 -> 
  custom:audio-encoder-webm-vorbis: bf7c407c2cedff20999df2af8eb42d56 -> 
========================================================================
Received Import Request.
  Time since last request: 52.109856 seconds.
  path: Assets/Prefabs/Roofs/fullRoof.prefab
  artifactKey: Guid(94a78dfb06e4512468bd3d1cd23f26eb) Importer(815301076,1909f56bfc062723c751e8b465ee728b)
Start importing Assets/Prefabs/Roofs/fullRoof.prefab using Guid(94a78dfb06e4512468bd3d1cd23f26eb) Importer(815301076,1909f56bfc062723c751e8b465ee728b)  -> (artifact id: 'e52dae507b57a956d5f275e82756dc49') in 0.174181 seconds 
  Import took 0.376592 seconds .

========================================================================
Received Import Request.
  Time since last request: 3.845292 seconds.
  path: Assets/Prefabs/Roofs/Roof-1.prefab
  artifactKey: Guid(a4b4a4beff3ca424d9310f7707551a4a) Importer(815301076,1909f56bfc062723c751e8b465ee728b)
Start importing Assets/Prefabs/Roofs/Roof-1.prefab using Guid(a4b4a4beff3ca424d9310f7707551a4a) Importer(815301076,1909f56bfc062723c751e8b465ee728b)  -> (artifact id: '5d5386e0cd376353b92a34187fd827cf') in 0.050791 seconds 
  Import took 0.056170 seconds .

========================================================================
Received Import Request.
  Time since last request: 9.277102 seconds.
  path: Assets/Prefabs/Roofs/Roof-2.prefab
  artifactKey: Guid(f6c053203e9fe474dbcfe9998e8ed6a5) Importer(815301076,1909f56bfc062723c751e8b465ee728b)
Start importing Assets/Prefabs/Roofs/Roof-2.prefab using Guid(f6c053203e9fe474dbcfe9998e8ed6a5) Importer(815301076,1909f56bfc062723c751e8b465ee728b)  -> (artifact id: '439f684cade3b700ab08a7caf0969fbc') in 0.260382 seconds 
  Import took 0.293173 seconds .

========================================================================
Received Import Request.
  Time since last request: 2.639688 seconds.
  path: Assets/Prefabs/Roofs/Roof-2.prefab
  artifactKey: Guid(f6c053203e9fe474dbcfe9998e8ed6a5) Importer(815301076,1909f56bfc062723c751e8b465ee728b)
Start importing Assets/Prefabs/Roofs/Roof-2.prefab using Guid(f6c053203e9fe474dbcfe9998e8ed6a5) Importer(815301076,1909f56bfc062723c751e8b465ee728b)  -> (artifact id: '2e46b183ab726d4b49864ef6cb88dd81') in 0.033127 seconds 
  Import took 0.207643 seconds .

========================================================================
Received Import Request.
  Time since last request: 12.287346 seconds.
  path: Assets/Prefabs/Roofs/Roof-3.prefab
  artifactKey: Guid(5b54b43b77a42af45b514864367fed25) Importer(815301076,1909f56bfc062723c751e8b465ee728b)
Start importing Assets/Prefabs/Roofs/Roof-3.prefab using Guid(5b54b43b77a42af45b514864367fed25) Importer(815301076,1909f56bfc062723c751e8b465ee728b)  -> (artifact id: '9dc64ec29fa9ba966e4b45ce3196c55a') in 0.234298 seconds 
  Import took 0.384477 seconds .

========================================================================
Received Import Request.
  Time since last request: 5.230157 seconds.
  path: Assets/Prefabs/Roofs/Roof-4.prefab
  artifactKey: Guid(3d7cdf845e2897f4f81ecba9b5d6598d) Importer(815301076,1909f56bfc062723c751e8b465ee728b)
Start importing Assets/Prefabs/Roofs/Roof-4.prefab using Guid(3d7cdf845e2897f4f81ecba9b5d6598d) Importer(815301076,1909f56bfc062723c751e8b465ee728b)  -> (artifact id: '0d6b92df2817f94ffecbfc6132b456df') in 0.069648 seconds 
  Import took 0.076220 seconds .

========================================================================
Received Import Request.
  Time since last request: 4.757171 seconds.
  path: Assets/Prefabs/Roofs/Roof-5.prefab
  artifactKey: Guid(72a175f590357334bbda1a8b976d91fb) Importer(815301076,1909f56bfc062723c751e8b465ee728b)
Start importing Assets/Prefabs/Roofs/Roof-5.prefab using Guid(72a175f590357334bbda1a8b976d91fb) Importer(815301076,1909f56bfc062723c751e8b465ee728b)  -> (artifact id: 'c767083cf272d198748d2aedee5a23b0') in 0.168263 seconds 
  Import took 0.173479 seconds .

========================================================================
Received Import Request.
  Time since last request: 3.380932 seconds.
  path: Assets/Prefabs/Roofs/Roof-6.prefab
  artifactKey: Guid(27c2faba9956c3f4a96c6d22b1063ca0) Importer(815301076,1909f56bfc062723c751e8b465ee728b)
Start importing Assets/Prefabs/Roofs/Roof-6.prefab using Guid(27c2faba9956c3f4a96c6d22b1063ca0) Importer(815301076,1909f56bfc062723c751e8b465ee728b)  -> (artifact id: '33d254698bc68a7f5dbc949ffb931900') in 0.032840 seconds 
  Import took 0.047752 seconds .

========================================================================
Received Import Request.
  Time since last request: 4.470108 seconds.
  path: Assets/Prefabs/Roofs/Roof-7.prefab
  artifactKey: Guid(982c9767440ec0f46804049b91d092c8) Importer(815301076,1909f56bfc062723c751e8b465ee728b)
Start importing Assets/Prefabs/Roofs/Roof-7.prefab using Guid(982c9767440ec0f46804049b91d092c8) Importer(815301076,1909f56bfc062723c751e8b465ee728b)  -> (artifact id: 'e02d3e3e5c2def4218b20843446500d5') in 0.048245 seconds 
  Import took 0.063808 seconds .

========================================================================
Received Import Request.
  Time since last request: 4.663778 seconds.
  path: Assets/Prefabs/Roofs/Roof-8.prefab
  artifactKey: Guid(1039d449225c482408b66c23b6a8a953) Importer(815301076,1909f56bfc062723c751e8b465ee728b)
Start importing Assets/Prefabs/Roofs/Roof-8.prefab using Guid(1039d449225c482408b66c23b6a8a953) Importer(815301076,1909f56bfc062723c751e8b465ee728b)  -> (artifact id: '7d88d242d66a95117de2b967a73e5773') in 0.031948 seconds 
  Import took 0.063853 seconds .

========================================================================
Received Import Request.
  Time since last request: 6.686606 seconds.
  path: Assets/Prefabs/Roofs/Roof-9.prefab
  artifactKey: Guid(b955319110ea215439ccd80cea24b711) Importer(815301076,1909f56bfc062723c751e8b465ee728b)
Start importing Assets/Prefabs/Roofs/Roof-9.prefab using Guid(b955319110ea215439ccd80cea24b711) Importer(815301076,1909f56bfc062723c751e8b465ee728b)  -> (artifact id: '2395ee0c51e6dfa8f9b12373f13eace6') in 0.054952 seconds 
  Import took 0.059880 seconds .

========================================================================
Received Import Request.
  Time since last request: 3.611479 seconds.
  path: Assets/Prefabs/Roofs/Roof-10.prefab
  artifactKey: Guid(3a28dfda5be878f49bd7f8ffb1092586) Importer(815301076,1909f56bfc062723c751e8b465ee728b)
Start importing Assets/Prefabs/Roofs/Roof-10.prefab using Guid(3a28dfda5be878f49bd7f8ffb1092586) Importer(815301076,1909f56bfc062723c751e8b465ee728b)  -> (artifact id: 'a07cb5f0055d55a48bd92a9345604d71') in 0.048498 seconds 
  Import took 0.053351 seconds .

========================================================================
Received Import Request.
  Time since last request: 4.087104 seconds.
  path: Assets/Prefabs/Roofs/Roof-11.prefab
  artifactKey: Guid(c673adb47fad1f647b51955c7840808f) Importer(815301076,1909f56bfc062723c751e8b465ee728b)
Start importing Assets/Prefabs/Roofs/Roof-11.prefab using Guid(c673adb47fad1f647b51955c7840808f) Importer(815301076,1909f56bfc062723c751e8b465ee728b)  -> (artifact id: '900ce8f1cf50d27e15f7171988a01b43') in 0.050908 seconds 
  Import took 0.056166 seconds .

========================================================================
Received Import Request.
  Time since last request: 3.801264 seconds.
  path: Assets/Prefabs/Roofs/Roof-12.prefab
  artifactKey: Guid(444d55a10b97c3b4e8adb692834f3cac) Importer(815301076,1909f56bfc062723c751e8b465ee728b)
Start importing Assets/Prefabs/Roofs/Roof-12.prefab using Guid(444d55a10b97c3b4e8adb692834f3cac) Importer(815301076,1909f56bfc062723c751e8b465ee728b)  -> (artifact id: 'b03b344a00a2334277da29217c6e2a78') in 0.046434 seconds 
  Import took 0.051512 seconds .

========================================================================
Received Import Request.
  Time since last request: 5.308295 seconds.
  path: Assets/Prefabs/Roofs/Roof-13.prefab
  artifactKey: Guid(4c29a2a45946fd3408105b0f5e1c96fb) Importer(815301076,1909f56bfc062723c751e8b465ee728b)
Start importing Assets/Prefabs/Roofs/Roof-13.prefab using Guid(4c29a2a45946fd3408105b0f5e1c96fb) Importer(815301076,1909f56bfc062723c751e8b465ee728b)  -> (artifact id: '6da1178fab8a8c10fa3b37f73120f06c') in 0.036372 seconds 
  Import took 0.054523 seconds .

========================================================================
Received Import Request.
  Time since last request: 3.859745 seconds.
  path: Assets/Prefabs/Roofs/Roof-14.prefab
  artifactKey: Guid(5cfc70ed032d3224b8b317b05a1b3601) Importer(815301076,1909f56bfc062723c751e8b465ee728b)
Start importing Assets/Prefabs/Roofs/Roof-14.prefab using Guid(5cfc70ed032d3224b8b317b05a1b3601) Importer(815301076,1909f56bfc062723c751e8b465ee728b)  -> (artifact id: '22aeb51dbf5b0311a6bb9e866303609a') in 0.043682 seconds 
  Import took 0.078074 seconds .

========================================================================
Received Import Request.
  Time since last request: 3.985245 seconds.
  path: Assets/Prefabs/Roofs/Roof-15.prefab
  artifactKey: Guid(6f575b52350aacb44aa68d0c01558c41) Importer(815301076,1909f56bfc062723c751e8b465ee728b)
Start importing Assets/Prefabs/Roofs/Roof-15.prefab using Guid(6f575b52350aacb44aa68d0c01558c41) Importer(815301076,1909f56bfc062723c751e8b465ee728b)  -> (artifact id: 'e5273f135d684d9dc81ecfd1519c86ae') in 0.047220 seconds 
  Import took 0.052072 seconds .

========================================================================
Received Import Request.
  Time since last request: 6.976454 seconds.
  path: Assets/Prefabs/Roofs/Roof-16.prefab
  artifactKey: Guid(8d3a192d5afbe374aa41d7d52199b7d9) Importer(815301076,1909f56bfc062723c751e8b465ee728b)
Start importing Assets/Prefabs/Roofs/Roof-16.prefab using Guid(8d3a192d5afbe374aa41d7d52199b7d9) Importer(815301076,1909f56bfc062723c751e8b465ee728b)  -> (artifact id: '52eebf3808ddb55d78b55b2e051e979b') in 0.045367 seconds 
  Import took 0.076067 seconds .

========================================================================
Received Import Request.
  Time since last request: 4.617297 seconds.
  path: Assets/Prefabs/Roofs/Roof-17.prefab
  artifactKey: Guid(59a843ec378f5b644b60ed2e4abe48eb) Importer(815301076,1909f56bfc062723c751e8b465ee728b)
Start importing Assets/Prefabs/Roofs/Roof-17.prefab using Guid(59a843ec378f5b644b60ed2e4abe48eb) Importer(815301076,1909f56bfc062723c751e8b465ee728b)  -> (artifact id: '3eabbeacad79a2fa840c7e4960c84f01') in 0.053244 seconds 
  Import took 0.072815 seconds .

========================================================================
Received Import Request.
  Time since last request: 4.544943 seconds.
  path: Assets/Prefabs/Roofs/Roof-18.prefab
  artifactKey: Guid(72b948cdbdd49fa41bc88a5a6fc8195d) Importer(815301076,1909f56bfc062723c751e8b465ee728b)
Start importing Assets/Prefabs/Roofs/Roof-18.prefab using Guid(72b948cdbdd49fa41bc88a5a6fc8195d) Importer(815301076,1909f56bfc062723c751e8b465ee728b)  -> (artifact id: 'a8b91e1052c4544632bf4af940c614cf') in 0.031987 seconds 
  Import took 0.071081 seconds .

========================================================================
Received Import Request.
  Time since last request: 4.263647 seconds.
  path: Assets/Prefabs/Roofs/Roof-19.prefab
  artifactKey: Guid(29874a63fa9255f4d966fa61591248db) Importer(815301076,1909f56bfc062723c751e8b465ee728b)
Start importing Assets/Prefabs/Roofs/Roof-19.prefab using Guid(29874a63fa9255f4d966fa61591248db) Importer(815301076,1909f56bfc062723c751e8b465ee728b)  -> (artifact id: '4f22a188a9b3d50203d3b2c45cde6358') in 0.028601 seconds 
  Import took 0.051375 seconds .

========================================================================
Received Import Request.
  Time since last request: 3.720925 seconds.
  path: Assets/Prefabs/Roofs/Roof-20.prefab
  artifactKey: Guid(520dfe560bb9dea44be4dfe40e1a483a) Importer(815301076,1909f56bfc062723c751e8b465ee728b)
Start importing Assets/Prefabs/Roofs/Roof-20.prefab using Guid(520dfe560bb9dea44be4dfe40e1a483a) Importer(815301076,1909f56bfc062723c751e8b465ee728b)  -> (artifact id: '8a69ccd76a5bdc7ed7e5218c2ae9c3fd') in 0.055017 seconds 
  Import took 0.060115 seconds .

========================================================================
Received Prepare
Registering precompiled user dll's ...
Registered in 0.003607 seconds.
Begin MonoManager ReloadAssembly
Native extension for LinuxStandalone target not found
Native extension for WindowsStandalone target not found
Native extension for OSXStandalone target not found
Native extension for WebGL target not found
Refreshing native plugins compatible for Editor in 0.68 ms, found 2 plugins.
Preloading 0 native plugins for Editor in 0.00 ms.
Mono: successfully reloaded assembly
- Completed reload, in  1.081 seconds
Domain Reload Profiling:
	ReloadAssembly (1081ms)
		BeginReloadAssembly (112ms)
			ExecutionOrderSort (0ms)
			DisableScriptedObjects (6ms)
			BackupInstance (0ms)
			ReleaseScriptingObjects (0ms)
			CreateAndSetChildDomain (34ms)
		EndReloadAssembly (913ms)
			LoadAssemblies (94ms)
			RebuildTransferFunctionScriptingTraits (0ms)
			SetupTypeCache (321ms)
			ReleaseScriptCaches (1ms)
			RebuildScriptCaches (44ms)
			SetupLoadedEditorAssemblies (312ms)
				LogAssemblyErrors (0ms)
				InitializePlatformSupportModulesInManaged (8ms)
				SetLoadedEditorAssemblies (1ms)
				RefreshPlugins (1ms)
				BeforeProcessingInitializeOnLoad (104ms)
				ProcessInitializeOnLoadAttributes (184ms)
				ProcessInitializeOnLoadMethodAttributes (9ms)
				AfterProcessingInitializeOnLoad (7ms)
				EditorAssembliesLoaded (0ms)
			ExecutionOrderSort2 (0ms)
			AwakeInstancesAfterBackupRestoration (18ms)
Platform modules already initialized, skipping
Refreshing native plugins compatible for Editor in 0.55 ms, found 2 plugins.
Preloading 0 native plugins for Editor in 0.00 ms.
Unloading 2789 Unused Serialized files (Serialized files now loaded: 0)
System memory in use before: 129.3 MB.
System memory in use after: 129.5 MB.

Unloading 15 unused Assets to reduce memory usage. Loaded Objects now: 3506.
Total: 3.269700 ms (FindLiveObjects: 0.214100 ms CreateObjectMapping: 0.118700 ms MarkObjects: 2.917200 ms  DeleteObjects: 0.018800 ms)

AssetImportParameters requested are different than current active one (requested -> active):
  custom:framework-win-MediaFoundation: 216162199b28c13a410421893ffa2e32 -> 
  custom:video-decoder-ogg-theora: a1e56fd34408186e4bbccfd4996cb3dc -> 
  custom:container-muxer-webm: aa71ff27fc2769a1b78a27578f13a17b -> 
  custom:container-demuxer-webm: 4f35f7cbe854078d1ac9338744f61a02 -> 
  custom:container-demuxer-ogg: 62fdf1f143b41e24485cea50d1cbac27 -> 
  custom:video-encoder-webm-vp8: eb34c28f22e8b96e1ab97ce403110664 -> 
  custom:video-decoder-webm-vp8: 9c59270c3fd7afecdb556c50c9e8de78 -> 
  custom:audio-decoder-ogg-vorbis: bf7c407c2cedff20999df2af8eb42d56 -> 
  custom:audio-encoder-webm-vorbis: bf7c407c2cedff20999df2af8eb42d56 -> 
========================================================================
Received Prepare
Registering precompiled user dll's ...
Registered in 0.003501 seconds.
Begin MonoManager ReloadAssembly
Native extension for LinuxStandalone target not found
Native extension for WindowsStandalone target not found
Native extension for OSXStandalone target not found
Native extension for WebGL target not found
Refreshing native plugins compatible for Editor in 0.53 ms, found 2 plugins.
Preloading 0 native plugins for Editor in 0.00 ms.
Mono: successfully reloaded assembly
- Completed reload, in  1.013 seconds
Domain Reload Profiling:
	ReloadAssembly (1014ms)
		BeginReloadAssembly (107ms)
			ExecutionOrderSort (0ms)
			DisableScriptedObjects (5ms)
			BackupInstance (0ms)
			ReleaseScriptingObjects (0ms)
			CreateAndSetChildDomain (30ms)
		EndReloadAssembly (850ms)
			LoadAssemblies (93ms)
			RebuildTransferFunctionScriptingTraits (0ms)
			SetupTypeCache (307ms)
			ReleaseScriptCaches (1ms)
			RebuildScriptCaches (41ms)
			SetupLoadedEditorAssemblies (285ms)
				LogAssemblyErrors (0ms)
				InitializePlatformSupportModulesInManaged (6ms)
				SetLoadedEditorAssemblies (0ms)
				RefreshPlugins (1ms)
				BeforeProcessingInitializeOnLoad (94ms)
				ProcessInitializeOnLoadAttributes (169ms)
				ProcessInitializeOnLoadMethodAttributes (8ms)
				AfterProcessingInitializeOnLoad (6ms)
				EditorAssembliesLoaded (0ms)
			ExecutionOrderSort2 (0ms)
			AwakeInstancesAfterBackupRestoration (17ms)
Platform modules already initialized, skipping
Refreshing native plugins compatible for Editor in 0.54 ms, found 2 plugins.
Preloading 0 native plugins for Editor in 0.00 ms.
Unloading 2789 Unused Serialized files (Serialized files now loaded: 0)
System memory in use before: 129.3 MB.
System memory in use after: 129.5 MB.

Unloading 15 unused Assets to reduce memory usage. Loaded Objects now: 3508.
Total: 3.009000 ms (FindLiveObjects: 0.221600 ms CreateObjectMapping: 0.121300 ms MarkObjects: 2.646500 ms  DeleteObjects: 0.018800 ms)

AssetImportParameters requested are different than current active one (requested -> active):
  custom:framework-win-MediaFoundation: 216162199b28c13a410421893ffa2e32 -> 
  custom:video-decoder-ogg-theora: a1e56fd34408186e4bbccfd4996cb3dc -> 
  custom:container-muxer-webm: aa71ff27fc2769a1b78a27578f13a17b -> 
  custom:container-demuxer-webm: 4f35f7cbe854078d1ac9338744f61a02 -> 
  custom:container-demuxer-ogg: 62fdf1f143b41e24485cea50d1cbac27 -> 
  custom:video-encoder-webm-vp8: eb34c28f22e8b96e1ab97ce403110664 -> 
  custom:video-decoder-webm-vp8: 9c59270c3fd7afecdb556c50c9e8de78 -> 
  custom:audio-decoder-ogg-vorbis: bf7c407c2cedff20999df2af8eb42d56 -> 
  custom:audio-encoder-webm-vorbis: bf7c407c2cedff20999df2af8eb42d56 -> 
========================================================================
Received Prepare
Registering precompiled user dll's ...
Registered in 0.003493 seconds.
Begin MonoManager ReloadAssembly
Native extension for LinuxStandalone target not found
Native extension for WindowsStandalone target not found
Native extension for OSXStandalone target not found
Native extension for WebGL target not found
Refreshing native plugins compatible for Editor in 0.56 ms, found 2 plugins.
Preloading 0 native plugins for Editor in 0.00 ms.
Mono: successfully reloaded assembly
- Completed reload, in  1.088 seconds
Domain Reload Profiling:
	ReloadAssembly (1088ms)
		BeginReloadAssembly (114ms)
			ExecutionOrderSort (0ms)
			DisableScriptedObjects (5ms)
			BackupInstance (0ms)
			ReleaseScriptingObjects (0ms)
			CreateAndSetChildDomain (33ms)
		EndReloadAssembly (913ms)
			LoadAssemblies (99ms)
			RebuildTransferFunctionScriptingTraits (0ms)
			SetupTypeCache (321ms)
			ReleaseScriptCaches (1ms)
			RebuildScriptCaches (44ms)
			SetupLoadedEditorAssemblies (315ms)
				LogAssemblyErrors (0ms)
				InitializePlatformSupportModulesInManaged (7ms)
				SetLoadedEditorAssemblies (0ms)
				RefreshPlugins (1ms)
				BeforeProcessingInitializeOnLoad (105ms)
				ProcessInitializeOnLoadAttributes (186ms)
				ProcessInitializeOnLoadMethodAttributes (9ms)
				AfterProcessingInitializeOnLoad (6ms)
				EditorAssembliesLoaded (0ms)
			ExecutionOrderSort2 (0ms)
			AwakeInstancesAfterBackupRestoration (18ms)
Platform modules already initialized, skipping
Refreshing native plugins compatible for Editor in 0.59 ms, found 2 plugins.
Preloading 0 native plugins for Editor in 0.00 ms.
Unloading 2789 Unused Serialized files (Serialized files now loaded: 0)
System memory in use before: 129.3 MB.
System memory in use after: 129.5 MB.

Unloading 15 unused Assets to reduce memory usage. Loaded Objects now: 3510.
Total: 3.787500 ms (FindLiveObjects: 0.251600 ms CreateObjectMapping: 0.144200 ms MarkObjects: 3.368600 ms  DeleteObjects: 0.021900 ms)

AssetImportParameters requested are different than current active one (requested -> active):
  custom:framework-win-MediaFoundation: 216162199b28c13a410421893ffa2e32 -> 
  custom:video-decoder-ogg-theora: a1e56fd34408186e4bbccfd4996cb3dc -> 
  custom:container-muxer-webm: aa71ff27fc2769a1b78a27578f13a17b -> 
  custom:container-demuxer-webm: 4f35f7cbe854078d1ac9338744f61a02 -> 
  custom:container-demuxer-ogg: 62fdf1f143b41e24485cea50d1cbac27 -> 
  custom:video-encoder-webm-vp8: eb34c28f22e8b96e1ab97ce403110664 -> 
  custom:video-decoder-webm-vp8: 9c59270c3fd7afecdb556c50c9e8de78 -> 
  custom:audio-decoder-ogg-vorbis: bf7c407c2cedff20999df2af8eb42d56 -> 
  custom:audio-encoder-webm-vorbis: bf7c407c2cedff20999df2af8eb42d56 -> 
========================================================================
Received Import Request.
  Time since last request: 136.085017 seconds.
  path: Assets/Prefabs/Roofs/fullRoof.prefab
  artifactKey: Guid(94a78dfb06e4512468bd3d1cd23f26eb) Importer(815301076,1909f56bfc062723c751e8b465ee728b)
Start importing Assets/Prefabs/Roofs/fullRoof.prefab using Guid(94a78dfb06e4512468bd3d1cd23f26eb) Importer(815301076,1909f56bfc062723c751e8b465ee728b)  -> (artifact id: '5488f0ab3358d3767f919344e8ce41a2') in 0.201636 seconds 
  Import took 0.248007 seconds .

========================================================================
Received Import Request.
  Time since last request: 1.836148 seconds.
  path: Assets/Prefabs/Roofs/Roof-1.prefab
  artifactKey: Guid(a4b4a4beff3ca424d9310f7707551a4a) Importer(815301076,1909f56bfc062723c751e8b465ee728b)
Start importing Assets/Prefabs/Roofs/Roof-1.prefab using Guid(a4b4a4beff3ca424d9310f7707551a4a) Importer(815301076,1909f56bfc062723c751e8b465ee728b)  -> (artifact id: '8b3d46be7109398366583ec84e7051e5') in 0.010200 seconds 
  Import took 0.029554 seconds .

========================================================================
Received Import Request.
  Time since last request: 1.960776 seconds.
  path: Assets/Prefabs/Roofs/Roof-2.prefab
  artifactKey: Guid(f6c053203e9fe474dbcfe9998e8ed6a5) Importer(815301076,1909f56bfc062723c751e8b465ee728b)
Start importing Assets/Prefabs/Roofs/Roof-2.prefab using Guid(f6c053203e9fe474dbcfe9998e8ed6a5) Importer(815301076,1909f56bfc062723c751e8b465ee728b)  -> (artifact id: '52d575d227f404ced7112c4d1d21bb2f') in 0.010486 seconds 
  Import took 0.048602 seconds .

========================================================================
Received Import Request.
  Time since last request: 4.902547 seconds.
  path: Assets/Prefabs/Roofs/Roof-3.prefab
  artifactKey: Guid(5b54b43b77a42af45b514864367fed25) Importer(815301076,1909f56bfc062723c751e8b465ee728b)
Start importing Assets/Prefabs/Roofs/Roof-3.prefab using Guid(5b54b43b77a42af45b514864367fed25) Importer(815301076,1909f56bfc062723c751e8b465ee728b)  -> (artifact id: '65f66b3996766b126a8c9f56a5d441b5') in 0.008962 seconds 
  Import took 0.038830 seconds .

========================================================================
Received Import Request.
  Time since last request: 3.538666 seconds.
  path: Assets/Prefabs/Roofs/Roof-4.prefab
  artifactKey: Guid(3d7cdf845e2897f4f81ecba9b5d6598d) Importer(815301076,1909f56bfc062723c751e8b465ee728b)
Start importing Assets/Prefabs/Roofs/Roof-4.prefab using Guid(3d7cdf845e2897f4f81ecba9b5d6598d) Importer(815301076,1909f56bfc062723c751e8b465ee728b)  -> (artifact id: 'ebdd81df53d5cea2b52a7a3873bdf682') in 0.011532 seconds 
  Import took 0.033742 seconds .

========================================================================
Received Import Request.
  Time since last request: 3.052593 seconds.
  path: Assets/Prefabs/Roofs/Roof-5.prefab
  artifactKey: Guid(72a175f590357334bbda1a8b976d91fb) Importer(815301076,1909f56bfc062723c751e8b465ee728b)
Start importing Assets/Prefabs/Roofs/Roof-5.prefab using Guid(72a175f590357334bbda1a8b976d91fb) Importer(815301076,1909f56bfc062723c751e8b465ee728b)  -> (artifact id: '09d952df9257df0d81bad32d98377af9') in 0.008326 seconds 
  Import took 0.027221 seconds .

========================================================================
Received Import Request.
  Time since last request: 3.178754 seconds.
  path: Assets/Prefabs/Roofs/Roof-6.prefab
  artifactKey: Guid(27c2faba9956c3f4a96c6d22b1063ca0) Importer(815301076,1909f56bfc062723c751e8b465ee728b)
Start importing Assets/Prefabs/Roofs/Roof-6.prefab using Guid(27c2faba9956c3f4a96c6d22b1063ca0) Importer(815301076,1909f56bfc062723c751e8b465ee728b)  -> (artifact id: '15bae64f49e45bf452e1bb73410fa3ee') in 0.010367 seconds 
  Import took 0.055195 seconds .

========================================================================
Received Import Request.
  Time since last request: 3.457482 seconds.
  path: Assets/Prefabs/Roofs/Roof-7.prefab
  artifactKey: Guid(982c9767440ec0f46804049b91d092c8) Importer(815301076,1909f56bfc062723c751e8b465ee728b)
Start importing Assets/Prefabs/Roofs/Roof-7.prefab using Guid(982c9767440ec0f46804049b91d092c8) Importer(815301076,1909f56bfc062723c751e8b465ee728b)  -> (artifact id: '1bed85ab2e828c454edc5b7e1872253f') in 0.008778 seconds 
  Import took 0.013777 seconds .

========================================================================
Received Import Request.
  Time since last request: 6.493332 seconds.
  path: Assets/Prefabs/Roofs/Roof-8.prefab
  artifactKey: Guid(1039d449225c482408b66c23b6a8a953) Importer(815301076,1909f56bfc062723c751e8b465ee728b)
Start importing Assets/Prefabs/Roofs/Roof-8.prefab using Guid(1039d449225c482408b66c23b6a8a953) Importer(815301076,1909f56bfc062723c751e8b465ee728b)  -> (artifact id: '0f9cb6af9e7c69688172c28ec0239379') in 0.009215 seconds 
  Import took 0.014584 seconds .

========================================================================
Received Import Request.
  Time since last request: 6.696820 seconds.
  path: Assets/Prefabs/Roofs/Roof-9.prefab
  artifactKey: Guid(b955319110ea215439ccd80cea24b711) Importer(815301076,1909f56bfc062723c751e8b465ee728b)
Start importing Assets/Prefabs/Roofs/Roof-9.prefab using Guid(b955319110ea215439ccd80cea24b711) Importer(815301076,1909f56bfc062723c751e8b465ee728b)  -> (artifact id: 'be7fd3e14db3ec97d5cb9aaa11890b88') in 0.011413 seconds 
  Import took 0.152969 seconds .

========================================================================
Received Import Request.
  Time since last request: 4.947340 seconds.
  path: Assets/Prefabs/Roofs/Roof-10.prefab
  artifactKey: Guid(3a28dfda5be878f49bd7f8ffb1092586) Importer(815301076,1909f56bfc062723c751e8b465ee728b)
Start importing Assets/Prefabs/Roofs/Roof-10.prefab using Guid(3a28dfda5be878f49bd7f8ffb1092586) Importer(815301076,1909f56bfc062723c751e8b465ee728b)  -> (artifact id: '608e815844dc391886e20e843cc49f03') in 0.011586 seconds 
  Import took 0.016047 seconds .

========================================================================
Received Import Request.
  Time since last request: 2.832493 seconds.
  path: Assets/Prefabs/Roofs/Roof-11.prefab
  artifactKey: Guid(c673adb47fad1f647b51955c7840808f) Importer(815301076,1909f56bfc062723c751e8b465ee728b)
Start importing Assets/Prefabs/Roofs/Roof-11.prefab using Guid(c673adb47fad1f647b51955c7840808f) Importer(815301076,1909f56bfc062723c751e8b465ee728b)  -> (artifact id: '2672202313b5ec13f40594f56217a4e4') in 0.008734 seconds 
  Import took 0.023594 seconds .

========================================================================
Received Import Request.
  Time since last request: 3.491737 seconds.
  path: Assets/Prefabs/Roofs/Roof-12.prefab
  artifactKey: Guid(444d55a10b97c3b4e8adb692834f3cac) Importer(815301076,1909f56bfc062723c751e8b465ee728b)
Start importing Assets/Prefabs/Roofs/Roof-12.prefab using Guid(444d55a10b97c3b4e8adb692834f3cac) Importer(815301076,1909f56bfc062723c751e8b465ee728b)  -> (artifact id: 'c15631c08c048c93df652c612094968f') in 0.012970 seconds 
  Import took 0.026388 seconds .

========================================================================
Received Import Request.
  Time since last request: 4.787356 seconds.
  path: Assets/Prefabs/Roofs/Roof-13.prefab
  artifactKey: Guid(4c29a2a45946fd3408105b0f5e1c96fb) Importer(815301076,1909f56bfc062723c751e8b465ee728b)
Start importing Assets/Prefabs/Roofs/Roof-13.prefab using Guid(4c29a2a45946fd3408105b0f5e1c96fb) Importer(815301076,1909f56bfc062723c751e8b465ee728b)  -> (artifact id: 'f93683f837467e8165c9f66e7a3c817e') in 0.008989 seconds 
  Import took 0.035618 seconds .

========================================================================
Received Import Request.
  Time since last request: 2.861075 seconds.
  path: Assets/Prefabs/Roofs/Roof-14.prefab
  artifactKey: Guid(5cfc70ed032d3224b8b317b05a1b3601) Importer(815301076,1909f56bfc062723c751e8b465ee728b)
Start importing Assets/Prefabs/Roofs/Roof-14.prefab using Guid(5cfc70ed032d3224b8b317b05a1b3601) Importer(815301076,1909f56bfc062723c751e8b465ee728b)  -> (artifact id: '2270c843fb89bb49088d2ebd33e82d42') in 0.010766 seconds 
  Import took 0.024184 seconds .

========================================================================
Received Import Request.
  Time since last request: 3.281885 seconds.
  path: Assets/Prefabs/Roofs/Roof-15.prefab
  artifactKey: Guid(6f575b52350aacb44aa68d0c01558c41) Importer(815301076,1909f56bfc062723c751e8b465ee728b)
Start importing Assets/Prefabs/Roofs/Roof-15.prefab using Guid(6f575b52350aacb44aa68d0c01558c41) Importer(815301076,1909f56bfc062723c751e8b465ee728b)  -> (artifact id: '30c50f64c3fb871902c72976e1886a9d') in 0.011367 seconds 
  Import took 0.047229 seconds .

========================================================================
Received Import Request.
  Time since last request: 2.753930 seconds.
  path: Assets/Prefabs/Roofs/Roof-16.prefab
  artifactKey: Guid(8d3a192d5afbe374aa41d7d52199b7d9) Importer(815301076,1909f56bfc062723c751e8b465ee728b)
Start importing Assets/Prefabs/Roofs/Roof-16.prefab using Guid(8d3a192d5afbe374aa41d7d52199b7d9) Importer(815301076,1909f56bfc062723c751e8b465ee728b)  -> (artifact id: '051600cb12605001f8076c8a0fc66693') in 0.011099 seconds 
  Import took 0.076237 seconds .

========================================================================
Received Import Request.
  Time since last request: 3.371408 seconds.
  path: Assets/Prefabs/Roofs/Roof-17.prefab
  artifactKey: Guid(59a843ec378f5b644b60ed2e4abe48eb) Importer(815301076,1909f56bfc062723c751e8b465ee728b)
Start importing Assets/Prefabs/Roofs/Roof-17.prefab using Guid(59a843ec378f5b644b60ed2e4abe48eb) Importer(815301076,1909f56bfc062723c751e8b465ee728b)  -> (artifact id: '2e82dcb71d10b58dc87f413b947e5c5f') in 0.011799 seconds 
  Import took 0.017113 seconds .

========================================================================
Received Import Request.
  Time since last request: 4.113538 seconds.
  path: Assets/Prefabs/Roofs/Roof-18.prefab
  artifactKey: Guid(72b948cdbdd49fa41bc88a5a6fc8195d) Importer(815301076,1909f56bfc062723c751e8b465ee728b)
Start importing Assets/Prefabs/Roofs/Roof-18.prefab using Guid(72b948cdbdd49fa41bc88a5a6fc8195d) Importer(815301076,1909f56bfc062723c751e8b465ee728b)  -> (artifact id: 'b1fe6263a054e655988109e0de51d9a3') in 0.010986 seconds 
  Import took 0.025679 seconds .

========================================================================
Received Import Request.
  Time since last request: 3.707948 seconds.
  path: Assets/Prefabs/Roofs/Roof-19.prefab
  artifactKey: Guid(29874a63fa9255f4d966fa61591248db) Importer(815301076,1909f56bfc062723c751e8b465ee728b)
Start importing Assets/Prefabs/Roofs/Roof-19.prefab using Guid(29874a63fa9255f4d966fa61591248db) Importer(815301076,1909f56bfc062723c751e8b465ee728b)  -> (artifact id: '116f1f77aee9507800d2dd77a36ccb92') in 0.011466 seconds 
  Import took 0.028734 seconds .

========================================================================
Received Import Request.
  Time since last request: 3.504804 seconds.
  path: Assets/Prefabs/Roofs/Roof-20.prefab
  artifactKey: Guid(520dfe560bb9dea44be4dfe40e1a483a) Importer(815301076,1909f56bfc062723c751e8b465ee728b)
Start importing Assets/Prefabs/Roofs/Roof-20.prefab using Guid(520dfe560bb9dea44be4dfe40e1a483a) Importer(815301076,1909f56bfc062723c751e8b465ee728b)  -> (artifact id: '1324df28ae20a0d31861da0f81630c6c') in 0.011714 seconds 
  Import took 0.031536 seconds .

========================================================================
Received Prepare
Registering precompiled user dll's ...
Registered in 0.003344 seconds.
Begin MonoManager ReloadAssembly
Native extension for LinuxStandalone target not found
Native extension for WindowsStandalone target not found
Native extension for OSXStandalone target not found
Native extension for WebGL target not found
Refreshing native plugins compatible for Editor in 0.55 ms, found 2 plugins.
Preloading 0 native plugins for Editor in 0.00 ms.
Mono: successfully reloaded assembly
- Completed reload, in  1.126 seconds
Domain Reload Profiling:
	ReloadAssembly (1127ms)
		BeginReloadAssembly (128ms)
			ExecutionOrderSort (0ms)
			DisableScriptedObjects (6ms)
			BackupInstance (0ms)
			ReleaseScriptingObjects (0ms)
			CreateAndSetChildDomain (40ms)
		EndReloadAssembly (934ms)
			LoadAssemblies (107ms)
			RebuildTransferFunctionScriptingTraits (0ms)
			SetupTypeCache (337ms)
			ReleaseScriptCaches (1ms)
			RebuildScriptCaches (43ms)
			SetupLoadedEditorAssemblies (314ms)
				LogAssemblyErrors (0ms)
				InitializePlatformSupportModulesInManaged (7ms)
				SetLoadedEditorAssemblies (1ms)
				RefreshPlugins (1ms)
				BeforeProcessingInitializeOnLoad (104ms)
				ProcessInitializeOnLoadAttributes (184ms)
				ProcessInitializeOnLoadMethodAttributes (9ms)
				AfterProcessingInitializeOnLoad (7ms)
				EditorAssembliesLoaded (0ms)
			ExecutionOrderSort2 (0ms)
			AwakeInstancesAfterBackupRestoration (18ms)
Platform modules already initialized, skipping
Refreshing native plugins compatible for Editor in 0.65 ms, found 2 plugins.
Preloading 0 native plugins for Editor in 0.00 ms.
Unloading 2789 Unused Serialized files (Serialized files now loaded: 0)
System memory in use before: 129.4 MB.
System memory in use after: 129.7 MB.

Unloading 15 unused Assets to reduce memory usage. Loaded Objects now: 3548.
Total: 4.074800 ms (FindLiveObjects: 0.536300 ms CreateObjectMapping: 0.214000 ms MarkObjects: 3.301300 ms  DeleteObjects: 0.022300 ms)

AssetImportParameters requested are different than current active one (requested -> active):
  custom:framework-win-MediaFoundation: 216162199b28c13a410421893ffa2e32 -> 
  custom:video-decoder-ogg-theora: a1e56fd34408186e4bbccfd4996cb3dc -> 
  custom:container-muxer-webm: aa71ff27fc2769a1b78a27578f13a17b -> 
  custom:container-demuxer-webm: 4f35f7cbe854078d1ac9338744f61a02 -> 
  custom:container-demuxer-ogg: 62fdf1f143b41e24485cea50d1cbac27 -> 
  custom:video-encoder-webm-vp8: eb34c28f22e8b96e1ab97ce403110664 -> 
  custom:video-decoder-webm-vp8: 9c59270c3fd7afecdb556c50c9e8de78 -> 
  custom:audio-decoder-ogg-vorbis: bf7c407c2cedff20999df2af8eb42d56 -> 
  custom:audio-encoder-webm-vorbis: bf7c407c2cedff20999df2af8eb42d56 -> 
========================================================================
Received Import Request.
  Time since last request: 1359.622886 seconds.
  path: Assets/Prefabs/Roofs/fullRoof.prefab
  artifactKey: Guid(94a78dfb06e4512468bd3d1cd23f26eb) Importer(815301076,1909f56bfc062723c751e8b465ee728b)
Start importing Assets/Prefabs/Roofs/fullRoof.prefab using Guid(94a78dfb06e4512468bd3d1cd23f26eb) Importer(815301076,1909f56bfc062723c751e8b465ee728b)  -> (artifact id: '25ba5bf16166c34af5430f52e619eafd') in 0.196435 seconds 
  Import took 0.202467 seconds .

========================================================================
Received Import Request.
  Time since last request: 4.310949 seconds.
  path: Assets/Prefabs/Roofs/fullRoof.prefab
  artifactKey: Guid(94a78dfb06e4512468bd3d1cd23f26eb) Importer(815301076,1909f56bfc062723c751e8b465ee728b)
Start importing Assets/Prefabs/Roofs/fullRoof.prefab using Guid(94a78dfb06e4512468bd3d1cd23f26eb) Importer(815301076,1909f56bfc062723c751e8b465ee728b)  -> (artifact id: '86bf9f57af2be2045856da03226e7859') in 0.019326 seconds 
  Import took 0.033991 seconds .

